==1390075== Memcheck, a memory error detector
==1390075== Copyright (C) 2002-2017, and GNU GPL'd, by Julian Seward et al.
==1390075== Using Valgrind-3.18.1-42b08ed5bd-20211015 and LibVEX; rerun with -h for copyright info
==1390075== Command: ./cub3D ./maps/scary.cub
==1390075== 
--1390075-- Valgrind options:
--1390075--    --leak-check=full
--1390075--    --show-leak-kinds=all
--1390075--    --suppressions=./valgrind_x11.supp
--1390075--    --verbose
--1390075-- Contents of /proc/version:
--1390075--   Linux version 5.15.0-151-generic (buildd@lcy02-amd64-092) (gcc (Ubuntu 11.4.0-1ubuntu1~22.04) 11.4.0, GNU ld (GNU Binutils for Ubuntu) 2.38) #161-Ubuntu SMP Tue Jul 22 14:25:40 UTC 2025
--1390075-- 
--1390075-- Arch and hwcaps: AMD64, LittleEndian, amd64-cx16-lzcnt-rdtscp-sse3-ssse3-avx-avx2-bmi-f16c-rdrand-rdseed
--1390075-- Page sizes: currently 4096, max supported 4096
--1390075-- Valgrind library directory: /usr/libexec/valgrind
--1390075-- Reading syms from /media/cauffret/Personal/42_work/cub3d/cub3D
--1390075-- Reading syms from /usr/lib/x86_64-linux-gnu/ld-linux-x86-64.so.2
--1390075--   Considering /usr/lib/debug/.build-id/9c/b53985768bb99f138f48655f7b8bf7e420d13d.debug ..
--1390075--   .. build-id is valid
--1390075-- Reading syms from /usr/libexec/valgrind/memcheck-amd64-linux
--1390075--    object doesn't have a symbol table
--1390075--    object doesn't have a dynamic symbol table
--1390075-- Scheduler: using generic scheduler lock implementation.
--1390075-- Reading suppressions file: ./valgrind_x11.supp
--1390075-- Reading suppressions file: /usr/libexec/valgrind/default.supp
==1390075== embedded gdbserver: reading from /tmp/vgdb-pipe-from-vgdb-to-1390075-by-cauffret-on-???
==1390075== embedded gdbserver: writing to   /tmp/vgdb-pipe-to-vgdb-from-1390075-by-cauffret-on-???
==1390075== embedded gdbserver: shared mem   /tmp/vgdb-pipe-shared-mem-vgdb-1390075-by-cauffret-on-???
==1390075== 
==1390075== TO CONTROL THIS PROCESS USING vgdb (which you probably
==1390075== don't want to do, unless you know exactly what you're doing,
==1390075== or are doing some strange experiment):
==1390075==   /usr/bin/vgdb --pid=1390075 ...command...
==1390075== 
==1390075== TO DEBUG THIS PROCESS USING GDB: start GDB like this
==1390075==   /path/to/gdb ./cub3D
==1390075== and then give GDB the following command
==1390075==   target remote | /usr/bin/vgdb --pid=1390075
==1390075== --pid is optional if only one valgrind process is running
==1390075== 
--1390075-- REDIR: 0x402aa40 (ld-linux-x86-64.so.2:strlen) redirected to 0x580bcec2 (???)
--1390075-- REDIR: 0x402a810 (ld-linux-x86-64.so.2:index) redirected to 0x580bcedc (???)
--1390075-- Reading syms from /usr/libexec/valgrind/vgpreload_core-amd64-linux.so
--1390075--    object doesn't have a symbol table
--1390075-- Reading syms from /usr/libexec/valgrind/vgpreload_memcheck-amd64-linux.so
--1390075--    object doesn't have a symbol table
==1390075== WARNING: new redirection conflicts with existing -- ignoring it
--1390075--     old: 0x0402aa40 (strlen              ) R-> (0000.0) 0x580bcec2 ???
--1390075--     new: 0x0402aa40 (strlen              ) R-> (2007.0) 0x0484ee30 strlen
--1390075-- REDIR: 0x4027220 (ld-linux-x86-64.so.2:strcmp) redirected to 0x484fcd0 (strcmp)
--1390075-- REDIR: 0x402afa0 (ld-linux-x86-64.so.2:mempcpy) redirected to 0x4853840 (mempcpy)
--1390075-- Reading syms from /usr/lib/x86_64-linux-gnu/libXext.so.6.4.0
--1390075--    object doesn't have a symbol table
--1390075-- Reading syms from /usr/lib/x86_64-linux-gnu/libX11.so.6.4.0
--1390075--    object doesn't have a symbol table
--1390075-- Reading syms from /usr/lib/x86_64-linux-gnu/libm.so.6
--1390075--   Considering /usr/lib/debug/.build-id/a3/ad9bb40b4907e509e4404cb972645c19675ca3.debug ..
--1390075--   .. build-id is valid
--1390075-- Reading syms from /usr/lib/x86_64-linux-gnu/libc.so.6
--1390075--   Considering /usr/lib/debug/.build-id/d5/197096f709801829b118af1b7cf6631efa2dcd.debug ..
--1390075--   .. build-id is valid
==1390075== WARNING: new redirection conflicts with existing -- ignoring it
--1390075--     old: 0x04b53c60 (memalign            ) R-> (1011.0) 0x0484e080 memalign
--1390075--     new: 0x04b53c60 (memalign            ) R-> (1017.0) 0x0484e050 aligned_alloc
==1390075== WARNING: new redirection conflicts with existing -- ignoring it
--1390075--     old: 0x04b53c60 (memalign            ) R-> (1011.0) 0x0484e080 memalign
--1390075--     new: 0x04b53c60 (memalign            ) R-> (1017.0) 0x0484e020 aligned_alloc
==1390075== WARNING: new redirection conflicts with existing -- ignoring it
--1390075--     old: 0x04b53c60 (memalign            ) R-> (1011.0) 0x0484e080 memalign
--1390075--     new: 0x04b53c60 (memalign            ) R-> (1017.0) 0x0484e050 aligned_alloc
==1390075== WARNING: new redirection conflicts with existing -- ignoring it
--1390075--     old: 0x04b53c60 (memalign            ) R-> (1011.0) 0x0484e080 memalign
--1390075--     new: 0x04b53c60 (memalign            ) R-> (1017.0) 0x0484e020 aligned_alloc
--1390075-- Reading syms from /usr/lib/x86_64-linux-gnu/libxcb.so.1.1.0
--1390075--    object doesn't have a symbol table
--1390075-- Reading syms from /usr/lib/x86_64-linux-gnu/libXau.so.6.0.0
--1390075--    object doesn't have a symbol table
--1390075-- Reading syms from /usr/lib/x86_64-linux-gnu/libXdmcp.so.6.0.0
--1390075--    object doesn't have a symbol table
--1390075-- Reading syms from /usr/lib/x86_64-linux-gnu/libbsd.so.0.11.5
--1390075--    object doesn't have a symbol table
--1390075-- Reading syms from /usr/lib/x86_64-linux-gnu/libmd.so.0.0.5
--1390075--    object doesn't have a symbol table
--1390075-- REDIR: 0x4b56720 (libc.so.6:strnlen) redirected to 0x483f220 (_vgnU_ifunc_wrapper)
--1390075-- REDIR: 0x4b569e0 (libc.so.6:strpbrk) redirected to 0x483f220 (_vgnU_ifunc_wrapper)
--1390075-- REDIR: 0x4b562e0 (libc.so.6:strcmp) redirected to 0x483f220 (_vgnU_ifunc_wrapper)
--1390075-- REDIR: 0x4b74cd0 (libc.so.6:wcsnlen) redirected to 0x483f220 (_vgnU_ifunc_wrapper)
--1390075-- REDIR: 0x4b576d0 (libc.so.6:memset) redirected to 0x483f220 (_vgnU_ifunc_wrapper)
--1390075-- REDIR: 0x4b73540 (libc.so.6:wcslen) redirected to 0x483f220 (_vgnU_ifunc_wrapper)
--1390075-- REDIR: 0x4b57c10 (libc.so.6:memcpy@@GLIBC_2.14) redirected to 0x483f220 (_vgnU_ifunc_wrapper)
--1390075-- REDIR: 0x4b73370 (libc.so.6:wcschr) redirected to 0x483f220 (_vgnU_ifunc_wrapper)
--1390075-- REDIR: 0x4b56260 (libc.so.6:index) redirected to 0x483f220 (_vgnU_ifunc_wrapper)
--1390075-- REDIR: 0x4b56960 (libc.so.6:rindex) redirected to 0x483f220 (_vgnU_ifunc_wrapper)
--1390075-- REDIR: 0x4b575a0 (libc.so.6:memmove) redirected to 0x483f220 (_vgnU_ifunc_wrapper)
==1390075== Preferring higher priority redirection:
--1390075--     old: 0x04c4e7c0 (__memcpy_avx_unalign) R-> (2018.0) 0x04850f90 __memcpy_avx_unaligned_erms
--1390075--     new: 0x04c4e7c0 (__memcpy_avx_unalign) R-> (2018.1) 0x04852880 memmove
--1390075-- REDIR: 0x4b733f0 (libc.so.6:wcscmp) redirected to 0x483f220 (_vgnU_ifunc_wrapper)
--1390075-- REDIR: 0x4b579e0 (libc.so.6:stpncpy) redirected to 0x483f220 (_vgnU_ifunc_wrapper)
--1390075-- REDIR: 0x4b739b0 (libc.so.6:wmemchr) redirected to 0x483f220 (_vgnU_ifunc_wrapper)
--1390075-- REDIR: 0x4b56830 (libc.so.6:strncmp) redirected to 0x483f220 (_vgnU_ifunc_wrapper)
--1390075-- REDIR: 0x4b57a70 (libc.so.6:strcasecmp) redirected to 0x483f220 (_vgnU_ifunc_wrapper)
--1390075-- REDIR: 0x4b56420 (libc.so.6:strcspn) redirected to 0x483f220 (_vgnU_ifunc_wrapper)
--1390075-- REDIR: 0x4b73470 (libc.so.6:wcscpy) redirected to 0x483f220 (_vgnU_ifunc_wrapper)
--1390075-- REDIR: 0x4b561d0 (libc.so.6:strcat) redirected to 0x483f220 (_vgnU_ifunc_wrapper)
--1390075-- REDIR: 0x4b57b60 (libc.so.6:strncasecmp_l) redirected to 0x483f220 (_vgnU_ifunc_wrapper)
--1390075-- REDIR: 0x4b57480 (libc.so.6:bcmp) redirected to 0x483f220 (_vgnU_ifunc_wrapper)
--1390075-- REDIR: 0x4b5f570 (libc.so.6:memrchr) redirected to 0x483f220 (_vgnU_ifunc_wrapper)
--1390075-- REDIR: 0x4b59010 (libc.so.6:strchrnul) redirected to 0x483f220 (_vgnU_ifunc_wrapper)
--1390075-- REDIR: 0x4b56390 (libc.so.6:strcpy) redirected to 0x483f220 (_vgnU_ifunc_wrapper)
--1390075-- REDIR: 0x4b57b10 (libc.so.6:strcasecmp_l) redirected to 0x483f220 (_vgnU_ifunc_wrapper)
--1390075-- REDIR: 0x4b566a0 (libc.so.6:strlen) redirected to 0x483f220 (_vgnU_ifunc_wrapper)
--1390075-- REDIR: 0x4b568d0 (libc.so.6:strncpy) redirected to 0x483f220 (_vgnU_ifunc_wrapper)
--1390075-- REDIR: 0x4b57950 (libc.so.6:stpcpy) redirected to 0x483f220 (_vgnU_ifunc_wrapper)
--1390075-- REDIR: 0x4b573f0 (libc.so.6:memchr) redirected to 0x483f220 (_vgnU_ifunc_wrapper)
--1390075-- REDIR: 0x4b56b00 (libc.so.6:strspn) redirected to 0x483f220 (_vgnU_ifunc_wrapper)
--1390075-- REDIR: 0x4b577d0 (libc.so.6:mempcpy) redirected to 0x483f220 (_vgnU_ifunc_wrapper)
--1390075-- REDIR: 0x4b57ac0 (libc.so.6:strncasecmp) redirected to 0x483f220 (_vgnU_ifunc_wrapper)
--1390075-- REDIR: 0x4b58f80 (libc.so.6:rawmemchr) redirected to 0x483f220 (_vgnU_ifunc_wrapper)
--1390075-- REDIR: 0x4c4b610 (libc.so.6:__strrchr_avx2) redirected to 0x484e810 (rindex)
--1390075-- REDIR: 0x4b530a0 (libc.so.6:malloc) redirected to 0x4848820 (malloc)
--1390075-- REDIR: 0x4c4b7e0 (libc.so.6:__strlen_avx2) redirected to 0x484ed10 (strlen)
--1390075-- REDIR: 0x4c46d80 (libc.so.6:__strncmp_avx2) redirected to 0x484f3e0 (strncmp)
--1390075-- REDIR: 0x4b54520 (libc.so.6:calloc) redirected to 0x484d9d0 (calloc)
--1390075-- REDIR: 0x4c4e7c0 (libc.so.6:__memcpy_avx_unaligned_erms) redirected to 0x4852880 (memmove)
--1390075-- REDIR: 0x4b533e0 (libc.so.6:free) redirected to 0x484b210 (free)
--1390075-- REDIR: 0x4c4b400 (libc.so.6:__strchrnul_avx2) redirected to 0x4853330 (strchrnul)
--1390075-- REDIR: 0x4be27e0 (libc.so.6:__strcpy_chk) redirected to 0x48533a0 (__strcpy_chk)
--1390075-- REDIR: 0x4b56fc0 (libc.so.6:__GI_strstr) redirected to 0x4853ae0 (__strstr_sse2)
--1390075-- REDIR: 0x4c47a80 (libc.so.6:__memcmp_avx2_movbe) redirected to 0x4852010 (bcmp)
--1390075-- REDIR: 0x4c4ef80 (libc.so.6:__memset_avx2_unaligned_erms) redirected to 0x4852770 (memset)
--1390075-- REDIR: 0x4c4e780 (libc.so.6:__mempcpy_avx_unaligned_erms) redirected to 0x4853440 (mempcpy)
--1390075-- REDIR: 0x4b53740 (libc.so.6:realloc) redirected to 0x484dc50 (realloc)
--1390075-- REDIR: 0x4c4d040 (libc.so.6:__strncpy_avx2) redirected to 0x484efe0 (strncpy)
--1390075-- REDIR: 0x4c46940 (libc.so.6:__strcmp_avx2) redirected to 0x484fbd0 (strcmp)
--1390075-- REDIR: 0x4c4ccb0 (libc.so.6:__strcpy_avx2) redirected to 0x484ee60 (strcpy)
--1390075-- REDIR: 0x4c48130 (libc.so.6:__strcasecmp_avx) redirected to 0x484f560 (strcasecmp)
--1390075-- Reading syms from /usr/lib/x86_64-linux-gnu/libXcursor.so.1.0.2
--1390075--    object doesn't have a symbol table
--1390075-- Reading syms from /usr/lib/x86_64-linux-gnu/libXrender.so.1.3.0
--1390075--    object doesn't have a symbol table
--1390075-- Reading syms from /usr/lib/x86_64-linux-gnu/libXfixes.so.3.1.0
--1390075--    object doesn't have a symbol table
--1390075-- REDIR: 0x4b57310 (libc.so.6:strstr) redirected to 0x483f220 (_vgnU_ifunc_wrapper)
--1390075-- REDIR: 0x4b72180 (libc.so.6:__strstr_sse2_unaligned) redirected to 0x4853a50 (strstr)
--1390075-- REDIR: 0x4c4b180 (libc.so.6:__strchr_avx2) redirected to 0x484e9f0 (index)
--1390075-- REDIR: 0x4c472c0 (libc.so.6:__memchr_avx2) redirected to 0x484fd50 (memchr)
==1390075== Conditional jump or move depends on uninitialised value(s)
==1390075==    at 0x111F56: free_game_complete (memory.c:60)
==1390075==    by 0x10FD6D: close_window_x (window_management.c:40)
==1390075==    by 0x114BF1: on_key_press (key_hook_moves.c:72)
==1390075==    by 0x117875: mlx_loop (in /media/cauffret/Personal/42_work/cub3d/cub3D)
==1390075==    by 0x10FC4B: main (main.c:56)
==1390075== 
==1390075== 
==1390075== HEAP SUMMARY:
==1390075==     in use at exit: 31,567 bytes in 400 blocks
==1390075==   total heap usage: 2,184 allocs, 1,784 frees, 266,489 bytes allocated
==1390075== 
==1390075== Searching for pointers to 400 not-freed blocks
==1390075== Checked 224,144 bytes
==1390075== 
==1390075== 2 bytes in 1 blocks are still reachable in loss record 1 of 60
==1390075==    at 0x4848899: malloc (in /usr/libexec/valgrind/vgpreload_memcheck-amd64-linux.so)
==1390075==    by 0x4B5658E: strdup (strdup.c:42)
==1390075==    by 0x48D7327: _XlcCreateLC (in /usr/lib/x86_64-linux-gnu/libX11.so.6.4.0)
==1390075==    by 0x48FBABB: _XlcDefaultLoader (in /usr/lib/x86_64-linux-gnu/libX11.so.6.4.0)
==1390075==    by 0x48E4685: _XOpenLC (in /usr/lib/x86_64-linux-gnu/libX11.so.6.4.0)
==1390075==    by 0x48E4A9E: _XrmInitParseInfo (in /usr/lib/x86_64-linux-gnu/libX11.so.6.4.0)
==1390075==    by 0x48CEA84: ??? (in /usr/lib/x86_64-linux-gnu/libX11.so.6.4.0)
==1390075==    by 0x48CEDC2: XrmGetStringDatabase (in /usr/lib/x86_64-linux-gnu/libX11.so.6.4.0)
==1390075==    by 0x48ABB6C: ??? (in /usr/lib/x86_64-linux-gnu/libX11.so.6.4.0)
==1390075==    by 0x48ABDC5: XGetDefault (in /usr/lib/x86_64-linux-gnu/libX11.so.6.4.0)
==1390075==    by 0x51A2A12: _XcursorGetDisplayInfo (in /usr/lib/x86_64-linux-gnu/libXcursor.so.1.0.2)
==1390075==    by 0x51A2B4C: XcursorSupportsARGB (in /usr/lib/x86_64-linux-gnu/libXcursor.so.1.0.2)
==1390075== 
==1390075== 2 bytes in 1 blocks are still reachable in loss record 2 of 60
==1390075==    at 0x4848899: malloc (in /usr/libexec/valgrind/vgpreload_memcheck-amd64-linux.so)
==1390075==    by 0x4B5658E: strdup (strdup.c:42)
==1390075==    by 0x48D6791: _XlcResolveLocaleName (in /usr/lib/x86_64-linux-gnu/libX11.so.6.4.0)
==1390075==    by 0x48DD497: ??? (in /usr/lib/x86_64-linux-gnu/libX11.so.6.4.0)
==1390075==    by 0x48DD2C6: ??? (in /usr/lib/x86_64-linux-gnu/libX11.so.6.4.0)
==1390075==    by 0x48D72DC: _XlcCreateLC (in /usr/lib/x86_64-linux-gnu/libX11.so.6.4.0)
==1390075==    by 0x48FBABB: _XlcDefaultLoader (in /usr/lib/x86_64-linux-gnu/libX11.so.6.4.0)
==1390075==    by 0x48E4685: _XOpenLC (in /usr/lib/x86_64-linux-gnu/libX11.so.6.4.0)
==1390075==    by 0x48E4A9E: _XrmInitParseInfo (in /usr/lib/x86_64-linux-gnu/libX11.so.6.4.0)
==1390075==    by 0x48CEA84: ??? (in /usr/lib/x86_64-linux-gnu/libX11.so.6.4.0)
==1390075==    by 0x48CEDC2: XrmGetStringDatabase (in /usr/lib/x86_64-linux-gnu/libX11.so.6.4.0)
==1390075==    by 0x48ABB6C: ??? (in /usr/lib/x86_64-linux-gnu/libX11.so.6.4.0)
==1390075== 
==1390075== 7 bytes in 1 blocks are still reachable in loss record 3 of 60
==1390075==    at 0x4848899: malloc (in /usr/libexec/valgrind/vgpreload_memcheck-amd64-linux.so)
==1390075==    by 0x4B5658E: strdup (strdup.c:42)
==1390075==    by 0x48DD58E: ??? (in /usr/lib/x86_64-linux-gnu/libX11.so.6.4.0)
==1390075==    by 0x48DD2C6: ??? (in /usr/lib/x86_64-linux-gnu/libX11.so.6.4.0)
==1390075==    by 0x48D72DC: _XlcCreateLC (in /usr/lib/x86_64-linux-gnu/libX11.so.6.4.0)
==1390075==    by 0x48FBABB: _XlcDefaultLoader (in /usr/lib/x86_64-linux-gnu/libX11.so.6.4.0)
==1390075==    by 0x48E4685: _XOpenLC (in /usr/lib/x86_64-linux-gnu/libX11.so.6.4.0)
==1390075==    by 0x48E4A9E: _XrmInitParseInfo (in /usr/lib/x86_64-linux-gnu/libX11.so.6.4.0)
==1390075==    by 0x48CEA84: ??? (in /usr/lib/x86_64-linux-gnu/libX11.so.6.4.0)
==1390075==    by 0x48CEDC2: XrmGetStringDatabase (in /usr/lib/x86_64-linux-gnu/libX11.so.6.4.0)
==1390075==    by 0x48ABB6C: ??? (in /usr/lib/x86_64-linux-gnu/libX11.so.6.4.0)
==1390075==    by 0x48ABDC5: XGetDefault (in /usr/lib/x86_64-linux-gnu/libX11.so.6.4.0)
==1390075== 
==1390075== 16 bytes in 1 blocks are still reachable in loss record 4 of 60
==1390075==    at 0x4848899: malloc (in /usr/libexec/valgrind/vgpreload_memcheck-amd64-linux.so)
==1390075==    by 0x48E25FD: _XlcAddLoader (in /usr/lib/x86_64-linux-gnu/libX11.so.6.4.0)
==1390075==    by 0x48DD2F5: _XlcInitLoader (in /usr/lib/x86_64-linux-gnu/libX11.so.6.4.0)
==1390075==    by 0x48E4660: _XOpenLC (in /usr/lib/x86_64-linux-gnu/libX11.so.6.4.0)
==1390075==    by 0x48E4A9E: _XrmInitParseInfo (in /usr/lib/x86_64-linux-gnu/libX11.so.6.4.0)
==1390075==    by 0x48CEA84: ??? (in /usr/lib/x86_64-linux-gnu/libX11.so.6.4.0)
==1390075==    by 0x48CEDC2: XrmGetStringDatabase (in /usr/lib/x86_64-linux-gnu/libX11.so.6.4.0)
==1390075==    by 0x48ABB6C: ??? (in /usr/lib/x86_64-linux-gnu/libX11.so.6.4.0)
==1390075==    by 0x48ABDC5: XGetDefault (in /usr/lib/x86_64-linux-gnu/libX11.so.6.4.0)
==1390075==    by 0x51A2A12: _XcursorGetDisplayInfo (in /usr/lib/x86_64-linux-gnu/libXcursor.so.1.0.2)
==1390075==    by 0x51A2B4C: XcursorSupportsARGB (in /usr/lib/x86_64-linux-gnu/libXcursor.so.1.0.2)
==1390075==    by 0x51A5C94: XcursorNoticeCreateBitmap (in /usr/lib/x86_64-linux-gnu/libXcursor.so.1.0.2)
==1390075== 
==1390075== 16 bytes in 1 blocks are still reachable in loss record 5 of 60
==1390075==    at 0x4848899: malloc (in /usr/libexec/valgrind/vgpreload_memcheck-amd64-linux.so)
==1390075==    by 0x48E25FD: _XlcAddLoader (in /usr/lib/x86_64-linux-gnu/libX11.so.6.4.0)
==1390075==    by 0x48DD303: _XlcInitLoader (in /usr/lib/x86_64-linux-gnu/libX11.so.6.4.0)
==1390075==    by 0x48E4660: _XOpenLC (in /usr/lib/x86_64-linux-gnu/libX11.so.6.4.0)
==1390075==    by 0x48E4A9E: _XrmInitParseInfo (in /usr/lib/x86_64-linux-gnu/libX11.so.6.4.0)
==1390075==    by 0x48CEA84: ??? (in /usr/lib/x86_64-linux-gnu/libX11.so.6.4.0)
==1390075==    by 0x48CEDC2: XrmGetStringDatabase (in /usr/lib/x86_64-linux-gnu/libX11.so.6.4.0)
==1390075==    by 0x48ABB6C: ??? (in /usr/lib/x86_64-linux-gnu/libX11.so.6.4.0)
==1390075==    by 0x48ABDC5: XGetDefault (in /usr/lib/x86_64-linux-gnu/libX11.so.6.4.0)
==1390075==    by 0x51A2A12: _XcursorGetDisplayInfo (in /usr/lib/x86_64-linux-gnu/libXcursor.so.1.0.2)
==1390075==    by 0x51A2B4C: XcursorSupportsARGB (in /usr/lib/x86_64-linux-gnu/libXcursor.so.1.0.2)
==1390075==    by 0x51A5C94: XcursorNoticeCreateBitmap (in /usr/lib/x86_64-linux-gnu/libXcursor.so.1.0.2)
==1390075== 
==1390075== 16 bytes in 1 blocks are still reachable in loss record 6 of 60
==1390075==    at 0x4848899: malloc (in /usr/libexec/valgrind/vgpreload_memcheck-amd64-linux.so)
==1390075==    by 0x48E25FD: _XlcAddLoader (in /usr/lib/x86_64-linux-gnu/libX11.so.6.4.0)
==1390075==    by 0x48E4660: _XOpenLC (in /usr/lib/x86_64-linux-gnu/libX11.so.6.4.0)
==1390075==    by 0x48E4A9E: _XrmInitParseInfo (in /usr/lib/x86_64-linux-gnu/libX11.so.6.4.0)
==1390075==    by 0x48CEA84: ??? (in /usr/lib/x86_64-linux-gnu/libX11.so.6.4.0)
==1390075==    by 0x48CEDC2: XrmGetStringDatabase (in /usr/lib/x86_64-linux-gnu/libX11.so.6.4.0)
==1390075==    by 0x48ABB6C: ??? (in /usr/lib/x86_64-linux-gnu/libX11.so.6.4.0)
==1390075==    by 0x48ABDC5: XGetDefault (in /usr/lib/x86_64-linux-gnu/libX11.so.6.4.0)
==1390075==    by 0x51A2A12: _XcursorGetDisplayInfo (in /usr/lib/x86_64-linux-gnu/libXcursor.so.1.0.2)
==1390075==    by 0x51A2B4C: XcursorSupportsARGB (in /usr/lib/x86_64-linux-gnu/libXcursor.so.1.0.2)
==1390075==    by 0x51A5C94: XcursorNoticeCreateBitmap (in /usr/lib/x86_64-linux-gnu/libXcursor.so.1.0.2)
==1390075==    by 0x48A4380: XCreatePixmap (in /usr/lib/x86_64-linux-gnu/libX11.so.6.4.0)
==1390075== 
==1390075== 16 bytes in 1 blocks are still reachable in loss record 7 of 60
==1390075==    at 0x484DCD3: realloc (in /usr/libexec/valgrind/vgpreload_memcheck-amd64-linux.so)
==1390075==    by 0x48D0364: ??? (in /usr/lib/x86_64-linux-gnu/libX11.so.6.4.0)
==1390075==    by 0x48DB909: ??? (in /usr/lib/x86_64-linux-gnu/libX11.so.6.4.0)
==1390075==    by 0x48DD2D2: ??? (in /usr/lib/x86_64-linux-gnu/libX11.so.6.4.0)
==1390075==    by 0x48D72DC: _XlcCreateLC (in /usr/lib/x86_64-linux-gnu/libX11.so.6.4.0)
==1390075==    by 0x48FBABB: _XlcDefaultLoader (in /usr/lib/x86_64-linux-gnu/libX11.so.6.4.0)
==1390075==    by 0x48E4685: _XOpenLC (in /usr/lib/x86_64-linux-gnu/libX11.so.6.4.0)
==1390075==    by 0x48E4A9E: _XrmInitParseInfo (in /usr/lib/x86_64-linux-gnu/libX11.so.6.4.0)
==1390075==    by 0x48CEA84: ??? (in /usr/lib/x86_64-linux-gnu/libX11.so.6.4.0)
==1390075==    by 0x48CEDC2: XrmGetStringDatabase (in /usr/lib/x86_64-linux-gnu/libX11.so.6.4.0)
==1390075==    by 0x48ABB6C: ??? (in /usr/lib/x86_64-linux-gnu/libX11.so.6.4.0)
==1390075==    by 0x48ABDC5: XGetDefault (in /usr/lib/x86_64-linux-gnu/libX11.so.6.4.0)
==1390075== 
==1390075== 16 bytes in 1 blocks are still reachable in loss record 8 of 60
==1390075==    at 0x4848899: malloc (in /usr/libexec/valgrind/vgpreload_memcheck-amd64-linux.so)
==1390075==    by 0x48E4697: _XOpenLC (in /usr/lib/x86_64-linux-gnu/libX11.so.6.4.0)
==1390075==    by 0x48E4A9E: _XrmInitParseInfo (in /usr/lib/x86_64-linux-gnu/libX11.so.6.4.0)
==1390075==    by 0x48CEA84: ??? (in /usr/lib/x86_64-linux-gnu/libX11.so.6.4.0)
==1390075==    by 0x48CEDC2: XrmGetStringDatabase (in /usr/lib/x86_64-linux-gnu/libX11.so.6.4.0)
==1390075==    by 0x48ABB6C: ??? (in /usr/lib/x86_64-linux-gnu/libX11.so.6.4.0)
==1390075==    by 0x48ABDC5: XGetDefault (in /usr/lib/x86_64-linux-gnu/libX11.so.6.4.0)
==1390075==    by 0x51A2A12: _XcursorGetDisplayInfo (in /usr/lib/x86_64-linux-gnu/libXcursor.so.1.0.2)
==1390075==    by 0x51A2B4C: XcursorSupportsARGB (in /usr/lib/x86_64-linux-gnu/libXcursor.so.1.0.2)
==1390075==    by 0x51A5C94: XcursorNoticeCreateBitmap (in /usr/lib/x86_64-linux-gnu/libXcursor.so.1.0.2)
==1390075==    by 0x48A4380: XCreatePixmap (in /usr/lib/x86_64-linux-gnu/libX11.so.6.4.0)
==1390075==    by 0x48A8A02: XCreateBitmapFromData (in /usr/lib/x86_64-linux-gnu/libX11.so.6.4.0)
==1390075== 
==1390075== 16 bytes in 2 blocks are still reachable in loss record 9 of 60
==1390075==    at 0x4848899: malloc (in /usr/libexec/valgrind/vgpreload_memcheck-amd64-linux.so)
==1390075==    by 0x48DBE16: ??? (in /usr/lib/x86_64-linux-gnu/libX11.so.6.4.0)
==1390075==    by 0x48DD2D2: ??? (in /usr/lib/x86_64-linux-gnu/libX11.so.6.4.0)
==1390075==    by 0x48D72DC: _XlcCreateLC (in /usr/lib/x86_64-linux-gnu/libX11.so.6.4.0)
==1390075==    by 0x48FBABB: _XlcDefaultLoader (in /usr/lib/x86_64-linux-gnu/libX11.so.6.4.0)
==1390075==    by 0x48E4685: _XOpenLC (in /usr/lib/x86_64-linux-gnu/libX11.so.6.4.0)
==1390075==    by 0x48E4A9E: _XrmInitParseInfo (in /usr/lib/x86_64-linux-gnu/libX11.so.6.4.0)
==1390075==    by 0x48CEA84: ??? (in /usr/lib/x86_64-linux-gnu/libX11.so.6.4.0)
==1390075==    by 0x48CEDC2: XrmGetStringDatabase (in /usr/lib/x86_64-linux-gnu/libX11.so.6.4.0)
==1390075==    by 0x48ABB6C: ??? (in /usr/lib/x86_64-linux-gnu/libX11.so.6.4.0)
==1390075==    by 0x48ABDC5: XGetDefault (in /usr/lib/x86_64-linux-gnu/libX11.so.6.4.0)
==1390075==    by 0x51A2A12: _XcursorGetDisplayInfo (in /usr/lib/x86_64-linux-gnu/libXcursor.so.1.0.2)
==1390075== 
==1390075== 24 bytes in 1 blocks are still reachable in loss record 10 of 60
==1390075==    at 0x484DA83: calloc (in /usr/libexec/valgrind/vgpreload_memcheck-amd64-linux.so)
==1390075==    by 0x48D0159: ??? (in /usr/lib/x86_64-linux-gnu/libX11.so.6.4.0)
==1390075==    by 0x48D72B9: _XlcCreateLC (in /usr/lib/x86_64-linux-gnu/libX11.so.6.4.0)
==1390075==    by 0x48FBABB: _XlcDefaultLoader (in /usr/lib/x86_64-linux-gnu/libX11.so.6.4.0)
==1390075==    by 0x48E4685: _XOpenLC (in /usr/lib/x86_64-linux-gnu/libX11.so.6.4.0)
==1390075==    by 0x48E4A9E: _XrmInitParseInfo (in /usr/lib/x86_64-linux-gnu/libX11.so.6.4.0)
==1390075==    by 0x48CEA84: ??? (in /usr/lib/x86_64-linux-gnu/libX11.so.6.4.0)
==1390075==    by 0x48CEDC2: XrmGetStringDatabase (in /usr/lib/x86_64-linux-gnu/libX11.so.6.4.0)
==1390075==    by 0x48ABB6C: ??? (in /usr/lib/x86_64-linux-gnu/libX11.so.6.4.0)
==1390075==    by 0x48ABDC5: XGetDefault (in /usr/lib/x86_64-linux-gnu/libX11.so.6.4.0)
==1390075==    by 0x51A2A12: _XcursorGetDisplayInfo (in /usr/lib/x86_64-linux-gnu/libXcursor.so.1.0.2)
==1390075==    by 0x51A2B4C: XcursorSupportsARGB (in /usr/lib/x86_64-linux-gnu/libXcursor.so.1.0.2)
==1390075== 
==1390075== 32 bytes in 1 blocks are still reachable in loss record 11 of 60
==1390075==    at 0x4848899: malloc (in /usr/libexec/valgrind/vgpreload_memcheck-amd64-linux.so)
==1390075==    by 0x48D38C3: ??? (in /usr/lib/x86_64-linux-gnu/libX11.so.6.4.0)
==1390075==    by 0x48CE428: ??? (in /usr/lib/x86_64-linux-gnu/libX11.so.6.4.0)
==1390075==    by 0x48CEDF0: XrmGetStringDatabase (in /usr/lib/x86_64-linux-gnu/libX11.so.6.4.0)
==1390075==    by 0x48ABB6C: ??? (in /usr/lib/x86_64-linux-gnu/libX11.so.6.4.0)
==1390075==    by 0x48ABDC5: XGetDefault (in /usr/lib/x86_64-linux-gnu/libX11.so.6.4.0)
==1390075==    by 0x51A2A12: _XcursorGetDisplayInfo (in /usr/lib/x86_64-linux-gnu/libXcursor.so.1.0.2)
==1390075==    by 0x51A2B4C: XcursorSupportsARGB (in /usr/lib/x86_64-linux-gnu/libXcursor.so.1.0.2)
==1390075==    by 0x51A5C94: XcursorNoticeCreateBitmap (in /usr/lib/x86_64-linux-gnu/libXcursor.so.1.0.2)
==1390075==    by 0x48A4380: XCreatePixmap (in /usr/lib/x86_64-linux-gnu/libX11.so.6.4.0)
==1390075==    by 0x48A8A02: XCreateBitmapFromData (in /usr/lib/x86_64-linux-gnu/libX11.so.6.4.0)
==1390075==    by 0x1192C0: mlx_mouse_hide (in /media/cauffret/Personal/42_work/cub3d/cub3D)
==1390075== 
==1390075== 38 bytes in 1 blocks are still reachable in loss record 12 of 60
==1390075==    at 0x4848899: malloc (in /usr/libexec/valgrind/vgpreload_memcheck-amd64-linux.so)
==1390075==    by 0x40271DF: malloc (rtld-malloc.h:56)
==1390075==    by 0x40271DF: strdup (strdup.c:42)
==1390075==    by 0x4016A66: _dl_load_cache_lookup (dl-cache.c:527)
==1390075==    by 0x400A981: _dl_map_object (dl-load.c:2193)
==1390075==    by 0x400E9A8: dl_open_worker_begin (dl-open.c:534)
==1390075==    by 0x4C22A97: _dl_catch_exception (dl-error-skeleton.c:208)
==1390075==    by 0x400DF99: dl_open_worker (dl-open.c:782)
==1390075==    by 0x4C22A97: _dl_catch_exception (dl-error-skeleton.c:208)
==1390075==    by 0x400E34D: _dl_open (dl-open.c:883)
==1390075==    by 0x4B3E63B: dlopen_doit (dlopen.c:56)
==1390075==    by 0x4C22A97: _dl_catch_exception (dl-error-skeleton.c:208)
==1390075==    by 0x4C22B62: _dl_catch_error (dl-error-skeleton.c:227)
==1390075== 
==1390075== 38 bytes in 1 blocks are still reachable in loss record 13 of 60
==1390075==    at 0x4848899: malloc (in /usr/libexec/valgrind/vgpreload_memcheck-amd64-linux.so)
==1390075==    by 0x400DD20: malloc (rtld-malloc.h:56)
==1390075==    by 0x400DD20: _dl_new_object (dl-object.c:199)
==1390075==    by 0x4008C82: _dl_map_object_from_fd (dl-load.c:1063)
==1390075==    by 0x400A600: _dl_map_object (dl-load.c:2327)
==1390075==    by 0x400E9A8: dl_open_worker_begin (dl-open.c:534)
==1390075==    by 0x4C22A97: _dl_catch_exception (dl-error-skeleton.c:208)
==1390075==    by 0x400DF99: dl_open_worker (dl-open.c:782)
==1390075==    by 0x4C22A97: _dl_catch_exception (dl-error-skeleton.c:208)
==1390075==    by 0x400E34D: _dl_open (dl-open.c:883)
==1390075==    by 0x4B3E63B: dlopen_doit (dlopen.c:56)
==1390075==    by 0x4C22A97: _dl_catch_exception (dl-error-skeleton.c:208)
==1390075==    by 0x4C22B62: _dl_catch_error (dl-error-skeleton.c:227)
==1390075== 
==1390075== 40 bytes in 1 blocks are still reachable in loss record 14 of 60
==1390075==    at 0x4848899: malloc (in /usr/libexec/valgrind/vgpreload_memcheck-amd64-linux.so)
==1390075==    by 0x48DA9A2: _XlcCreateLocaleDataBase (in /usr/lib/x86_64-linux-gnu/libX11.so.6.4.0)
==1390075==    by 0x48DD4CF: ??? (in /usr/lib/x86_64-linux-gnu/libX11.so.6.4.0)
==1390075==    by 0x48DD2C6: ??? (in /usr/lib/x86_64-linux-gnu/libX11.so.6.4.0)
==1390075==    by 0x48D72DC: _XlcCreateLC (in /usr/lib/x86_64-linux-gnu/libX11.so.6.4.0)
==1390075==    by 0x48FBABB: _XlcDefaultLoader (in /usr/lib/x86_64-linux-gnu/libX11.so.6.4.0)
==1390075==    by 0x48E4685: _XOpenLC (in /usr/lib/x86_64-linux-gnu/libX11.so.6.4.0)
==1390075==    by 0x48E4A9E: _XrmInitParseInfo (in /usr/lib/x86_64-linux-gnu/libX11.so.6.4.0)
==1390075==    by 0x48CEA84: ??? (in /usr/lib/x86_64-linux-gnu/libX11.so.6.4.0)
==1390075==    by 0x48CEDC2: XrmGetStringDatabase (in /usr/lib/x86_64-linux-gnu/libX11.so.6.4.0)
==1390075==    by 0x48ABB6C: ??? (in /usr/lib/x86_64-linux-gnu/libX11.so.6.4.0)
==1390075==    by 0x48ABDC5: XGetDefault (in /usr/lib/x86_64-linux-gnu/libX11.so.6.4.0)
==1390075== 
==1390075== 47 bytes in 5 blocks are still reachable in loss record 15 of 60
==1390075==    at 0x4848899: malloc (in /usr/libexec/valgrind/vgpreload_memcheck-amd64-linux.so)
==1390075==    by 0x48D88F2: _XlcAddCT (in /usr/lib/x86_64-linux-gnu/libX11.so.6.4.0)
==1390075==    by 0x48D8C6F: _XlcInitCTInfo (in /usr/lib/x86_64-linux-gnu/libX11.so.6.4.0)
==1390075==    by 0x48DD386: ??? (in /usr/lib/x86_64-linux-gnu/libX11.so.6.4.0)
==1390075==    by 0x48DD2C6: ??? (in /usr/lib/x86_64-linux-gnu/libX11.so.6.4.0)
==1390075==    by 0x48D72DC: _XlcCreateLC (in /usr/lib/x86_64-linux-gnu/libX11.so.6.4.0)
==1390075==    by 0x48FC8C9: _XlcUtf8Loader (in /usr/lib/x86_64-linux-gnu/libX11.so.6.4.0)
==1390075==    by 0x48E4685: _XOpenLC (in /usr/lib/x86_64-linux-gnu/libX11.so.6.4.0)
==1390075==    by 0x48E4A9E: _XrmInitParseInfo (in /usr/lib/x86_64-linux-gnu/libX11.so.6.4.0)
==1390075==    by 0x48CEA84: ??? (in /usr/lib/x86_64-linux-gnu/libX11.so.6.4.0)
==1390075==    by 0x48CEDC2: XrmGetStringDatabase (in /usr/lib/x86_64-linux-gnu/libX11.so.6.4.0)
==1390075==    by 0x48ABB6C: ??? (in /usr/lib/x86_64-linux-gnu/libX11.so.6.4.0)
==1390075== 
==1390075== 64 bytes in 1 blocks are still reachable in loss record 16 of 60
==1390075==    at 0x4848899: malloc (in /usr/libexec/valgrind/vgpreload_memcheck-amd64-linux.so)
==1390075==    by 0x48BA126: _XrmInternalStringToQuark (in /usr/lib/x86_64-linux-gnu/libX11.so.6.4.0)
==1390075==    by 0x48CDCB3: XrmInitialize (in /usr/lib/x86_64-linux-gnu/libX11.so.6.4.0)
==1390075==    by 0x48ABB5B: ??? (in /usr/lib/x86_64-linux-gnu/libX11.so.6.4.0)
==1390075==    by 0x48ABDC5: XGetDefault (in /usr/lib/x86_64-linux-gnu/libX11.so.6.4.0)
==1390075==    by 0x51A2A12: _XcursorGetDisplayInfo (in /usr/lib/x86_64-linux-gnu/libXcursor.so.1.0.2)
==1390075==    by 0x51A2B4C: XcursorSupportsARGB (in /usr/lib/x86_64-linux-gnu/libXcursor.so.1.0.2)
==1390075==    by 0x51A5C94: XcursorNoticeCreateBitmap (in /usr/lib/x86_64-linux-gnu/libXcursor.so.1.0.2)
==1390075==    by 0x48A4380: XCreatePixmap (in /usr/lib/x86_64-linux-gnu/libX11.so.6.4.0)
==1390075==    by 0x48A8A02: XCreateBitmapFromData (in /usr/lib/x86_64-linux-gnu/libX11.so.6.4.0)
==1390075==    by 0x1192C0: mlx_mouse_hide (in /media/cauffret/Personal/42_work/cub3d/cub3D)
==1390075==    by 0x10FB9E: main (main.c:51)
==1390075== 
==1390075== 64 bytes in 1 blocks are still reachable in loss record 17 of 60
==1390075==    at 0x4848899: malloc (in /usr/libexec/valgrind/vgpreload_memcheck-amd64-linux.so)
==1390075==    by 0x48D8B96: _XlcSetConverter (in /usr/lib/x86_64-linux-gnu/libX11.so.6.4.0)
==1390075==    by 0x48D8CB8: _XlcInitCTInfo (in /usr/lib/x86_64-linux-gnu/libX11.so.6.4.0)
==1390075==    by 0x48DD386: ??? (in /usr/lib/x86_64-linux-gnu/libX11.so.6.4.0)
==1390075==    by 0x48DD2C6: ??? (in /usr/lib/x86_64-linux-gnu/libX11.so.6.4.0)
==1390075==    by 0x48D72DC: _XlcCreateLC (in /usr/lib/x86_64-linux-gnu/libX11.so.6.4.0)
==1390075==    by 0x48FC8C9: _XlcUtf8Loader (in /usr/lib/x86_64-linux-gnu/libX11.so.6.4.0)
==1390075==    by 0x48E4685: _XOpenLC (in /usr/lib/x86_64-linux-gnu/libX11.so.6.4.0)
==1390075==    by 0x48E4A9E: _XrmInitParseInfo (in /usr/lib/x86_64-linux-gnu/libX11.so.6.4.0)
==1390075==    by 0x48CEA84: ??? (in /usr/lib/x86_64-linux-gnu/libX11.so.6.4.0)
==1390075==    by 0x48CEDC2: XrmGetStringDatabase (in /usr/lib/x86_64-linux-gnu/libX11.so.6.4.0)
==1390075==    by 0x48ABB6C: ??? (in /usr/lib/x86_64-linux-gnu/libX11.so.6.4.0)
==1390075== 
==1390075== 64 bytes in 1 blocks are still reachable in loss record 18 of 60
==1390075==    at 0x4848899: malloc (in /usr/libexec/valgrind/vgpreload_memcheck-amd64-linux.so)
==1390075==    by 0x48D8B96: _XlcSetConverter (in /usr/lib/x86_64-linux-gnu/libX11.so.6.4.0)
==1390075==    by 0x48D8CCE: _XlcInitCTInfo (in /usr/lib/x86_64-linux-gnu/libX11.so.6.4.0)
==1390075==    by 0x48DD386: ??? (in /usr/lib/x86_64-linux-gnu/libX11.so.6.4.0)
==1390075==    by 0x48DD2C6: ??? (in /usr/lib/x86_64-linux-gnu/libX11.so.6.4.0)
==1390075==    by 0x48D72DC: _XlcCreateLC (in /usr/lib/x86_64-linux-gnu/libX11.so.6.4.0)
==1390075==    by 0x48FC8C9: _XlcUtf8Loader (in /usr/lib/x86_64-linux-gnu/libX11.so.6.4.0)
==1390075==    by 0x48E4685: _XOpenLC (in /usr/lib/x86_64-linux-gnu/libX11.so.6.4.0)
==1390075==    by 0x48E4A9E: _XrmInitParseInfo (in /usr/lib/x86_64-linux-gnu/libX11.so.6.4.0)
==1390075==    by 0x48CEA84: ??? (in /usr/lib/x86_64-linux-gnu/libX11.so.6.4.0)
==1390075==    by 0x48CEDC2: XrmGetStringDatabase (in /usr/lib/x86_64-linux-gnu/libX11.so.6.4.0)
==1390075==    by 0x48ABB6C: ??? (in /usr/lib/x86_64-linux-gnu/libX11.so.6.4.0)
==1390075== 
==1390075== 64 bytes in 1 blocks are still reachable in loss record 19 of 60
==1390075==    at 0x4848899: malloc (in /usr/libexec/valgrind/vgpreload_memcheck-amd64-linux.so)
==1390075==    by 0x48D8B96: _XlcSetConverter (in /usr/lib/x86_64-linux-gnu/libX11.so.6.4.0)
==1390075==    by 0x48D8CE4: _XlcInitCTInfo (in /usr/lib/x86_64-linux-gnu/libX11.so.6.4.0)
==1390075==    by 0x48DD386: ??? (in /usr/lib/x86_64-linux-gnu/libX11.so.6.4.0)
==1390075==    by 0x48DD2C6: ??? (in /usr/lib/x86_64-linux-gnu/libX11.so.6.4.0)
==1390075==    by 0x48D72DC: _XlcCreateLC (in /usr/lib/x86_64-linux-gnu/libX11.so.6.4.0)
==1390075==    by 0x48FC8C9: _XlcUtf8Loader (in /usr/lib/x86_64-linux-gnu/libX11.so.6.4.0)
==1390075==    by 0x48E4685: _XOpenLC (in /usr/lib/x86_64-linux-gnu/libX11.so.6.4.0)
==1390075==    by 0x48E4A9E: _XrmInitParseInfo (in /usr/lib/x86_64-linux-gnu/libX11.so.6.4.0)
==1390075==    by 0x48CEA84: ??? (in /usr/lib/x86_64-linux-gnu/libX11.so.6.4.0)
==1390075==    by 0x48CEDC2: XrmGetStringDatabase (in /usr/lib/x86_64-linux-gnu/libX11.so.6.4.0)
==1390075==    by 0x48ABB6C: ??? (in /usr/lib/x86_64-linux-gnu/libX11.so.6.4.0)
==1390075== 
==1390075== 64 bytes in 1 blocks are still reachable in loss record 20 of 60
==1390075==    at 0x4848899: malloc (in /usr/libexec/valgrind/vgpreload_memcheck-amd64-linux.so)
==1390075==    by 0x48D8B96: _XlcSetConverter (in /usr/lib/x86_64-linux-gnu/libX11.so.6.4.0)
==1390075==    by 0x48D8CFA: _XlcInitCTInfo (in /usr/lib/x86_64-linux-gnu/libX11.so.6.4.0)
==1390075==    by 0x48DD386: ??? (in /usr/lib/x86_64-linux-gnu/libX11.so.6.4.0)
==1390075==    by 0x48DD2C6: ??? (in /usr/lib/x86_64-linux-gnu/libX11.so.6.4.0)
==1390075==    by 0x48D72DC: _XlcCreateLC (in /usr/lib/x86_64-linux-gnu/libX11.so.6.4.0)
==1390075==    by 0x48FC8C9: _XlcUtf8Loader (in /usr/lib/x86_64-linux-gnu/libX11.so.6.4.0)
==1390075==    by 0x48E4685: _XOpenLC (in /usr/lib/x86_64-linux-gnu/libX11.so.6.4.0)
==1390075==    by 0x48E4A9E: _XrmInitParseInfo (in /usr/lib/x86_64-linux-gnu/libX11.so.6.4.0)
==1390075==    by 0x48CEA84: ??? (in /usr/lib/x86_64-linux-gnu/libX11.so.6.4.0)
==1390075==    by 0x48CEDC2: XrmGetStringDatabase (in /usr/lib/x86_64-linux-gnu/libX11.so.6.4.0)
==1390075==    by 0x48ABB6C: ??? (in /usr/lib/x86_64-linux-gnu/libX11.so.6.4.0)
==1390075== 
==1390075== 64 bytes in 1 blocks are still reachable in loss record 21 of 60
==1390075==    at 0x4848899: malloc (in /usr/libexec/valgrind/vgpreload_memcheck-amd64-linux.so)
==1390075==    by 0x48D8B96: _XlcSetConverter (in /usr/lib/x86_64-linux-gnu/libX11.so.6.4.0)
==1390075==    by 0x48FBB09: _XlcDefaultLoader (in /usr/lib/x86_64-linux-gnu/libX11.so.6.4.0)
==1390075==    by 0x48E4685: _XOpenLC (in /usr/lib/x86_64-linux-gnu/libX11.so.6.4.0)
==1390075==    by 0x48E4A9E: _XrmInitParseInfo (in /usr/lib/x86_64-linux-gnu/libX11.so.6.4.0)
==1390075==    by 0x48CEA84: ??? (in /usr/lib/x86_64-linux-gnu/libX11.so.6.4.0)
==1390075==    by 0x48CEDC2: XrmGetStringDatabase (in /usr/lib/x86_64-linux-gnu/libX11.so.6.4.0)
==1390075==    by 0x48ABB6C: ??? (in /usr/lib/x86_64-linux-gnu/libX11.so.6.4.0)
==1390075==    by 0x48ABDC5: XGetDefault (in /usr/lib/x86_64-linux-gnu/libX11.so.6.4.0)
==1390075==    by 0x51A2A12: _XcursorGetDisplayInfo (in /usr/lib/x86_64-linux-gnu/libXcursor.so.1.0.2)
==1390075==    by 0x51A2B4C: XcursorSupportsARGB (in /usr/lib/x86_64-linux-gnu/libXcursor.so.1.0.2)
==1390075==    by 0x51A5C94: XcursorNoticeCreateBitmap (in /usr/lib/x86_64-linux-gnu/libXcursor.so.1.0.2)
==1390075== 
==1390075== 64 bytes in 1 blocks are still reachable in loss record 22 of 60
==1390075==    at 0x4848899: malloc (in /usr/libexec/valgrind/vgpreload_memcheck-amd64-linux.so)
==1390075==    by 0x48D8B96: _XlcSetConverter (in /usr/lib/x86_64-linux-gnu/libX11.so.6.4.0)
==1390075==    by 0x48FBB21: _XlcDefaultLoader (in /usr/lib/x86_64-linux-gnu/libX11.so.6.4.0)
==1390075==    by 0x48E4685: _XOpenLC (in /usr/lib/x86_64-linux-gnu/libX11.so.6.4.0)
==1390075==    by 0x48E4A9E: _XrmInitParseInfo (in /usr/lib/x86_64-linux-gnu/libX11.so.6.4.0)
==1390075==    by 0x48CEA84: ??? (in /usr/lib/x86_64-linux-gnu/libX11.so.6.4.0)
==1390075==    by 0x48CEDC2: XrmGetStringDatabase (in /usr/lib/x86_64-linux-gnu/libX11.so.6.4.0)
==1390075==    by 0x48ABB6C: ??? (in /usr/lib/x86_64-linux-gnu/libX11.so.6.4.0)
==1390075==    by 0x48ABDC5: XGetDefault (in /usr/lib/x86_64-linux-gnu/libX11.so.6.4.0)
==1390075==    by 0x51A2A12: _XcursorGetDisplayInfo (in /usr/lib/x86_64-linux-gnu/libXcursor.so.1.0.2)
==1390075==    by 0x51A2B4C: XcursorSupportsARGB (in /usr/lib/x86_64-linux-gnu/libXcursor.so.1.0.2)
==1390075==    by 0x51A5C94: XcursorNoticeCreateBitmap (in /usr/lib/x86_64-linux-gnu/libXcursor.so.1.0.2)
==1390075== 
==1390075== 64 bytes in 1 blocks are still reachable in loss record 23 of 60
==1390075==    at 0x4848899: malloc (in /usr/libexec/valgrind/vgpreload_memcheck-amd64-linux.so)
==1390075==    by 0x48D8B96: _XlcSetConverter (in /usr/lib/x86_64-linux-gnu/libX11.so.6.4.0)
==1390075==    by 0x48FBB39: _XlcDefaultLoader (in /usr/lib/x86_64-linux-gnu/libX11.so.6.4.0)
==1390075==    by 0x48E4685: _XOpenLC (in /usr/lib/x86_64-linux-gnu/libX11.so.6.4.0)
==1390075==    by 0x48E4A9E: _XrmInitParseInfo (in /usr/lib/x86_64-linux-gnu/libX11.so.6.4.0)
==1390075==    by 0x48CEA84: ??? (in /usr/lib/x86_64-linux-gnu/libX11.so.6.4.0)
==1390075==    by 0x48CEDC2: XrmGetStringDatabase (in /usr/lib/x86_64-linux-gnu/libX11.so.6.4.0)
==1390075==    by 0x48ABB6C: ??? (in /usr/lib/x86_64-linux-gnu/libX11.so.6.4.0)
==1390075==    by 0x48ABDC5: XGetDefault (in /usr/lib/x86_64-linux-gnu/libX11.so.6.4.0)
==1390075==    by 0x51A2A12: _XcursorGetDisplayInfo (in /usr/lib/x86_64-linux-gnu/libXcursor.so.1.0.2)
==1390075==    by 0x51A2B4C: XcursorSupportsARGB (in /usr/lib/x86_64-linux-gnu/libXcursor.so.1.0.2)
==1390075==    by 0x51A5C94: XcursorNoticeCreateBitmap (in /usr/lib/x86_64-linux-gnu/libXcursor.so.1.0.2)
==1390075== 
==1390075== 64 bytes in 1 blocks are still reachable in loss record 24 of 60
==1390075==    at 0x4848899: malloc (in /usr/libexec/valgrind/vgpreload_memcheck-amd64-linux.so)
==1390075==    by 0x48D8B96: _XlcSetConverter (in /usr/lib/x86_64-linux-gnu/libX11.so.6.4.0)
==1390075==    by 0x48FBB55: _XlcDefaultLoader (in /usr/lib/x86_64-linux-gnu/libX11.so.6.4.0)
==1390075==    by 0x48E4685: _XOpenLC (in /usr/lib/x86_64-linux-gnu/libX11.so.6.4.0)
==1390075==    by 0x48E4A9E: _XrmInitParseInfo (in /usr/lib/x86_64-linux-gnu/libX11.so.6.4.0)
==1390075==    by 0x48CEA84: ??? (in /usr/lib/x86_64-linux-gnu/libX11.so.6.4.0)
==1390075==    by 0x48CEDC2: XrmGetStringDatabase (in /usr/lib/x86_64-linux-gnu/libX11.so.6.4.0)
==1390075==    by 0x48ABB6C: ??? (in /usr/lib/x86_64-linux-gnu/libX11.so.6.4.0)
==1390075==    by 0x48ABDC5: XGetDefault (in /usr/lib/x86_64-linux-gnu/libX11.so.6.4.0)
==1390075==    by 0x51A2A12: _XcursorGetDisplayInfo (in /usr/lib/x86_64-linux-gnu/libXcursor.so.1.0.2)
==1390075==    by 0x51A2B4C: XcursorSupportsARGB (in /usr/lib/x86_64-linux-gnu/libXcursor.so.1.0.2)
==1390075==    by 0x51A5C94: XcursorNoticeCreateBitmap (in /usr/lib/x86_64-linux-gnu/libXcursor.so.1.0.2)
==1390075== 
==1390075== 64 bytes in 1 blocks are still reachable in loss record 25 of 60
==1390075==    at 0x4848899: malloc (in /usr/libexec/valgrind/vgpreload_memcheck-amd64-linux.so)
==1390075==    by 0x48D8B96: _XlcSetConverter (in /usr/lib/x86_64-linux-gnu/libX11.so.6.4.0)
==1390075==    by 0x48FBB6D: _XlcDefaultLoader (in /usr/lib/x86_64-linux-gnu/libX11.so.6.4.0)
==1390075==    by 0x48E4685: _XOpenLC (in /usr/lib/x86_64-linux-gnu/libX11.so.6.4.0)
==1390075==    by 0x48E4A9E: _XrmInitParseInfo (in /usr/lib/x86_64-linux-gnu/libX11.so.6.4.0)
==1390075==    by 0x48CEA84: ??? (in /usr/lib/x86_64-linux-gnu/libX11.so.6.4.0)
==1390075==    by 0x48CEDC2: XrmGetStringDatabase (in /usr/lib/x86_64-linux-gnu/libX11.so.6.4.0)
==1390075==    by 0x48ABB6C: ??? (in /usr/lib/x86_64-linux-gnu/libX11.so.6.4.0)
==1390075==    by 0x48ABDC5: XGetDefault (in /usr/lib/x86_64-linux-gnu/libX11.so.6.4.0)
==1390075==    by 0x51A2A12: _XcursorGetDisplayInfo (in /usr/lib/x86_64-linux-gnu/libXcursor.so.1.0.2)
==1390075==    by 0x51A2B4C: XcursorSupportsARGB (in /usr/lib/x86_64-linux-gnu/libXcursor.so.1.0.2)
==1390075==    by 0x51A5C94: XcursorNoticeCreateBitmap (in /usr/lib/x86_64-linux-gnu/libXcursor.so.1.0.2)
==1390075== 
==1390075== 64 bytes in 1 blocks are still reachable in loss record 26 of 60
==1390075==    at 0x4848899: malloc (in /usr/libexec/valgrind/vgpreload_memcheck-amd64-linux.so)
==1390075==    by 0x48D8B96: _XlcSetConverter (in /usr/lib/x86_64-linux-gnu/libX11.so.6.4.0)
==1390075==    by 0x48FBB85: _XlcDefaultLoader (in /usr/lib/x86_64-linux-gnu/libX11.so.6.4.0)
==1390075==    by 0x48E4685: _XOpenLC (in /usr/lib/x86_64-linux-gnu/libX11.so.6.4.0)
==1390075==    by 0x48E4A9E: _XrmInitParseInfo (in /usr/lib/x86_64-linux-gnu/libX11.so.6.4.0)
==1390075==    by 0x48CEA84: ??? (in /usr/lib/x86_64-linux-gnu/libX11.so.6.4.0)
==1390075==    by 0x48CEDC2: XrmGetStringDatabase (in /usr/lib/x86_64-linux-gnu/libX11.so.6.4.0)
==1390075==    by 0x48ABB6C: ??? (in /usr/lib/x86_64-linux-gnu/libX11.so.6.4.0)
==1390075==    by 0x48ABDC5: XGetDefault (in /usr/lib/x86_64-linux-gnu/libX11.so.6.4.0)
==1390075==    by 0x51A2A12: _XcursorGetDisplayInfo (in /usr/lib/x86_64-linux-gnu/libXcursor.so.1.0.2)
==1390075==    by 0x51A2B4C: XcursorSupportsARGB (in /usr/lib/x86_64-linux-gnu/libXcursor.so.1.0.2)
==1390075==    by 0x51A5C94: XcursorNoticeCreateBitmap (in /usr/lib/x86_64-linux-gnu/libXcursor.so.1.0.2)
==1390075== 
==1390075== 64 bytes in 1 blocks are still reachable in loss record 27 of 60
==1390075==    at 0x4848899: malloc (in /usr/libexec/valgrind/vgpreload_memcheck-amd64-linux.so)
==1390075==    by 0x48D8B96: _XlcSetConverter (in /usr/lib/x86_64-linux-gnu/libX11.so.6.4.0)
==1390075==    by 0x48FBB9D: _XlcDefaultLoader (in /usr/lib/x86_64-linux-gnu/libX11.so.6.4.0)
==1390075==    by 0x48E4685: _XOpenLC (in /usr/lib/x86_64-linux-gnu/libX11.so.6.4.0)
==1390075==    by 0x48E4A9E: _XrmInitParseInfo (in /usr/lib/x86_64-linux-gnu/libX11.so.6.4.0)
==1390075==    by 0x48CEA84: ??? (in /usr/lib/x86_64-linux-gnu/libX11.so.6.4.0)
==1390075==    by 0x48CEDC2: XrmGetStringDatabase (in /usr/lib/x86_64-linux-gnu/libX11.so.6.4.0)
==1390075==    by 0x48ABB6C: ??? (in /usr/lib/x86_64-linux-gnu/libX11.so.6.4.0)
==1390075==    by 0x48ABDC5: XGetDefault (in /usr/lib/x86_64-linux-gnu/libX11.so.6.4.0)
==1390075==    by 0x51A2A12: _XcursorGetDisplayInfo (in /usr/lib/x86_64-linux-gnu/libXcursor.so.1.0.2)
==1390075==    by 0x51A2B4C: XcursorSupportsARGB (in /usr/lib/x86_64-linux-gnu/libXcursor.so.1.0.2)
==1390075==    by 0x51A5C94: XcursorNoticeCreateBitmap (in /usr/lib/x86_64-linux-gnu/libXcursor.so.1.0.2)
==1390075== 
==1390075== 64 bytes in 1 blocks are still reachable in loss record 28 of 60
==1390075==    at 0x4848899: malloc (in /usr/libexec/valgrind/vgpreload_memcheck-amd64-linux.so)
==1390075==    by 0x48D8B96: _XlcSetConverter (in /usr/lib/x86_64-linux-gnu/libX11.so.6.4.0)
==1390075==    by 0x48FBBB5: _XlcDefaultLoader (in /usr/lib/x86_64-linux-gnu/libX11.so.6.4.0)
==1390075==    by 0x48E4685: _XOpenLC (in /usr/lib/x86_64-linux-gnu/libX11.so.6.4.0)
==1390075==    by 0x48E4A9E: _XrmInitParseInfo (in /usr/lib/x86_64-linux-gnu/libX11.so.6.4.0)
==1390075==    by 0x48CEA84: ??? (in /usr/lib/x86_64-linux-gnu/libX11.so.6.4.0)
==1390075==    by 0x48CEDC2: XrmGetStringDatabase (in /usr/lib/x86_64-linux-gnu/libX11.so.6.4.0)
==1390075==    by 0x48ABB6C: ??? (in /usr/lib/x86_64-linux-gnu/libX11.so.6.4.0)
==1390075==    by 0x48ABDC5: XGetDefault (in /usr/lib/x86_64-linux-gnu/libX11.so.6.4.0)
==1390075==    by 0x51A2A12: _XcursorGetDisplayInfo (in /usr/lib/x86_64-linux-gnu/libXcursor.so.1.0.2)
==1390075==    by 0x51A2B4C: XcursorSupportsARGB (in /usr/lib/x86_64-linux-gnu/libXcursor.so.1.0.2)
==1390075==    by 0x51A5C94: XcursorNoticeCreateBitmap (in /usr/lib/x86_64-linux-gnu/libXcursor.so.1.0.2)
==1390075== 
==1390075== 64 bytes in 1 blocks are still reachable in loss record 29 of 60
==1390075==    at 0x4848899: malloc (in /usr/libexec/valgrind/vgpreload_memcheck-amd64-linux.so)
==1390075==    by 0x48D8B96: _XlcSetConverter (in /usr/lib/x86_64-linux-gnu/libX11.so.6.4.0)
==1390075==    by 0x48FBBCD: _XlcDefaultLoader (in /usr/lib/x86_64-linux-gnu/libX11.so.6.4.0)
==1390075==    by 0x48E4685: _XOpenLC (in /usr/lib/x86_64-linux-gnu/libX11.so.6.4.0)
==1390075==    by 0x48E4A9E: _XrmInitParseInfo (in /usr/lib/x86_64-linux-gnu/libX11.so.6.4.0)
==1390075==    by 0x48CEA84: ??? (in /usr/lib/x86_64-linux-gnu/libX11.so.6.4.0)
==1390075==    by 0x48CEDC2: XrmGetStringDatabase (in /usr/lib/x86_64-linux-gnu/libX11.so.6.4.0)
==1390075==    by 0x48ABB6C: ??? (in /usr/lib/x86_64-linux-gnu/libX11.so.6.4.0)
==1390075==    by 0x48ABDC5: XGetDefault (in /usr/lib/x86_64-linux-gnu/libX11.so.6.4.0)
==1390075==    by 0x51A2A12: _XcursorGetDisplayInfo (in /usr/lib/x86_64-linux-gnu/libXcursor.so.1.0.2)
==1390075==    by 0x51A2B4C: XcursorSupportsARGB (in /usr/lib/x86_64-linux-gnu/libXcursor.so.1.0.2)
==1390075==    by 0x51A5C94: XcursorNoticeCreateBitmap (in /usr/lib/x86_64-linux-gnu/libXcursor.so.1.0.2)
==1390075== 
==1390075== 64 bytes in 1 blocks are still reachable in loss record 30 of 60
==1390075==    at 0x4848899: malloc (in /usr/libexec/valgrind/vgpreload_memcheck-amd64-linux.so)
==1390075==    by 0x48D8B96: _XlcSetConverter (in /usr/lib/x86_64-linux-gnu/libX11.so.6.4.0)
==1390075==    by 0x48FBBE5: _XlcDefaultLoader (in /usr/lib/x86_64-linux-gnu/libX11.so.6.4.0)
==1390075==    by 0x48E4685: _XOpenLC (in /usr/lib/x86_64-linux-gnu/libX11.so.6.4.0)
==1390075==    by 0x48E4A9E: _XrmInitParseInfo (in /usr/lib/x86_64-linux-gnu/libX11.so.6.4.0)
==1390075==    by 0x48CEA84: ??? (in /usr/lib/x86_64-linux-gnu/libX11.so.6.4.0)
==1390075==    by 0x48CEDC2: XrmGetStringDatabase (in /usr/lib/x86_64-linux-gnu/libX11.so.6.4.0)
==1390075==    by 0x48ABB6C: ??? (in /usr/lib/x86_64-linux-gnu/libX11.so.6.4.0)
==1390075==    by 0x48ABDC5: XGetDefault (in /usr/lib/x86_64-linux-gnu/libX11.so.6.4.0)
==1390075==    by 0x51A2A12: _XcursorGetDisplayInfo (in /usr/lib/x86_64-linux-gnu/libXcursor.so.1.0.2)
==1390075==    by 0x51A2B4C: XcursorSupportsARGB (in /usr/lib/x86_64-linux-gnu/libXcursor.so.1.0.2)
==1390075==    by 0x51A5C94: XcursorNoticeCreateBitmap (in /usr/lib/x86_64-linux-gnu/libXcursor.so.1.0.2)
==1390075== 
==1390075== 64 bytes in 1 blocks are still reachable in loss record 31 of 60
==1390075==    at 0x4848899: malloc (in /usr/libexec/valgrind/vgpreload_memcheck-amd64-linux.so)
==1390075==    by 0x48D8B96: _XlcSetConverter (in /usr/lib/x86_64-linux-gnu/libX11.so.6.4.0)
==1390075==    by 0x48FBBFD: _XlcDefaultLoader (in /usr/lib/x86_64-linux-gnu/libX11.so.6.4.0)
==1390075==    by 0x48E4685: _XOpenLC (in /usr/lib/x86_64-linux-gnu/libX11.so.6.4.0)
==1390075==    by 0x48E4A9E: _XrmInitParseInfo (in /usr/lib/x86_64-linux-gnu/libX11.so.6.4.0)
==1390075==    by 0x48CEA84: ??? (in /usr/lib/x86_64-linux-gnu/libX11.so.6.4.0)
==1390075==    by 0x48CEDC2: XrmGetStringDatabase (in /usr/lib/x86_64-linux-gnu/libX11.so.6.4.0)
==1390075==    by 0x48ABB6C: ??? (in /usr/lib/x86_64-linux-gnu/libX11.so.6.4.0)
==1390075==    by 0x48ABDC5: XGetDefault (in /usr/lib/x86_64-linux-gnu/libX11.so.6.4.0)
==1390075==    by 0x51A2A12: _XcursorGetDisplayInfo (in /usr/lib/x86_64-linux-gnu/libXcursor.so.1.0.2)
==1390075==    by 0x51A2B4C: XcursorSupportsARGB (in /usr/lib/x86_64-linux-gnu/libXcursor.so.1.0.2)
==1390075==    by 0x51A5C94: XcursorNoticeCreateBitmap (in /usr/lib/x86_64-linux-gnu/libXcursor.so.1.0.2)
==1390075== 
==1390075== 64 bytes in 1 blocks are still reachable in loss record 32 of 60
==1390075==    at 0x4848899: malloc (in /usr/libexec/valgrind/vgpreload_memcheck-amd64-linux.so)
==1390075==    by 0x48D8B96: _XlcSetConverter (in /usr/lib/x86_64-linux-gnu/libX11.so.6.4.0)
==1390075==    by 0x48E3D5B: _XlcAddUtf8Converters (in /usr/lib/x86_64-linux-gnu/libX11.so.6.4.0)
==1390075==    by 0x48FBC05: _XlcDefaultLoader (in /usr/lib/x86_64-linux-gnu/libX11.so.6.4.0)
==1390075==    by 0x48E4685: _XOpenLC (in /usr/lib/x86_64-linux-gnu/libX11.so.6.4.0)
==1390075==    by 0x48E4A9E: _XrmInitParseInfo (in /usr/lib/x86_64-linux-gnu/libX11.so.6.4.0)
==1390075==    by 0x48CEA84: ??? (in /usr/lib/x86_64-linux-gnu/libX11.so.6.4.0)
==1390075==    by 0x48CEDC2: XrmGetStringDatabase (in /usr/lib/x86_64-linux-gnu/libX11.so.6.4.0)
==1390075==    by 0x48ABB6C: ??? (in /usr/lib/x86_64-linux-gnu/libX11.so.6.4.0)
==1390075==    by 0x48ABDC5: XGetDefault (in /usr/lib/x86_64-linux-gnu/libX11.so.6.4.0)
==1390075==    by 0x51A2A12: _XcursorGetDisplayInfo (in /usr/lib/x86_64-linux-gnu/libXcursor.so.1.0.2)
==1390075==    by 0x51A2B4C: XcursorSupportsARGB (in /usr/lib/x86_64-linux-gnu/libXcursor.so.1.0.2)
==1390075== 
==1390075== 64 bytes in 1 blocks are still reachable in loss record 33 of 60
==1390075==    at 0x4848899: malloc (in /usr/libexec/valgrind/vgpreload_memcheck-amd64-linux.so)
==1390075==    by 0x48D8B96: _XlcSetConverter (in /usr/lib/x86_64-linux-gnu/libX11.so.6.4.0)
==1390075==    by 0x48E3D7A: _XlcAddUtf8Converters (in /usr/lib/x86_64-linux-gnu/libX11.so.6.4.0)
==1390075==    by 0x48FBC05: _XlcDefaultLoader (in /usr/lib/x86_64-linux-gnu/libX11.so.6.4.0)
==1390075==    by 0x48E4685: _XOpenLC (in /usr/lib/x86_64-linux-gnu/libX11.so.6.4.0)
==1390075==    by 0x48E4A9E: _XrmInitParseInfo (in /usr/lib/x86_64-linux-gnu/libX11.so.6.4.0)
==1390075==    by 0x48CEA84: ??? (in /usr/lib/x86_64-linux-gnu/libX11.so.6.4.0)
==1390075==    by 0x48CEDC2: XrmGetStringDatabase (in /usr/lib/x86_64-linux-gnu/libX11.so.6.4.0)
==1390075==    by 0x48ABB6C: ??? (in /usr/lib/x86_64-linux-gnu/libX11.so.6.4.0)
==1390075==    by 0x48ABDC5: XGetDefault (in /usr/lib/x86_64-linux-gnu/libX11.so.6.4.0)
==1390075==    by 0x51A2A12: _XcursorGetDisplayInfo (in /usr/lib/x86_64-linux-gnu/libXcursor.so.1.0.2)
==1390075==    by 0x51A2B4C: XcursorSupportsARGB (in /usr/lib/x86_64-linux-gnu/libXcursor.so.1.0.2)
==1390075== 
==1390075== 64 bytes in 1 blocks are still reachable in loss record 34 of 60
==1390075==    at 0x4848899: malloc (in /usr/libexec/valgrind/vgpreload_memcheck-amd64-linux.so)
==1390075==    by 0x48D8B96: _XlcSetConverter (in /usr/lib/x86_64-linux-gnu/libX11.so.6.4.0)
==1390075==    by 0x48E3D92: _XlcAddUtf8Converters (in /usr/lib/x86_64-linux-gnu/libX11.so.6.4.0)
==1390075==    by 0x48FBC05: _XlcDefaultLoader (in /usr/lib/x86_64-linux-gnu/libX11.so.6.4.0)
==1390075==    by 0x48E4685: _XOpenLC (in /usr/lib/x86_64-linux-gnu/libX11.so.6.4.0)
==1390075==    by 0x48E4A9E: _XrmInitParseInfo (in /usr/lib/x86_64-linux-gnu/libX11.so.6.4.0)
==1390075==    by 0x48CEA84: ??? (in /usr/lib/x86_64-linux-gnu/libX11.so.6.4.0)
==1390075==    by 0x48CEDC2: XrmGetStringDatabase (in /usr/lib/x86_64-linux-gnu/libX11.so.6.4.0)
==1390075==    by 0x48ABB6C: ??? (in /usr/lib/x86_64-linux-gnu/libX11.so.6.4.0)
==1390075==    by 0x48ABDC5: XGetDefault (in /usr/lib/x86_64-linux-gnu/libX11.so.6.4.0)
==1390075==    by 0x51A2A12: _XcursorGetDisplayInfo (in /usr/lib/x86_64-linux-gnu/libXcursor.so.1.0.2)
==1390075==    by 0x51A2B4C: XcursorSupportsARGB (in /usr/lib/x86_64-linux-gnu/libXcursor.so.1.0.2)
==1390075== 
==1390075== 64 bytes in 1 blocks are still reachable in loss record 35 of 60
==1390075==    at 0x4848899: malloc (in /usr/libexec/valgrind/vgpreload_memcheck-amd64-linux.so)
==1390075==    by 0x48D8B96: _XlcSetConverter (in /usr/lib/x86_64-linux-gnu/libX11.so.6.4.0)
==1390075==    by 0x48E3DAA: _XlcAddUtf8Converters (in /usr/lib/x86_64-linux-gnu/libX11.so.6.4.0)
==1390075==    by 0x48FBC05: _XlcDefaultLoader (in /usr/lib/x86_64-linux-gnu/libX11.so.6.4.0)
==1390075==    by 0x48E4685: _XOpenLC (in /usr/lib/x86_64-linux-gnu/libX11.so.6.4.0)
==1390075==    by 0x48E4A9E: _XrmInitParseInfo (in /usr/lib/x86_64-linux-gnu/libX11.so.6.4.0)
==1390075==    by 0x48CEA84: ??? (in /usr/lib/x86_64-linux-gnu/libX11.so.6.4.0)
==1390075==    by 0x48CEDC2: XrmGetStringDatabase (in /usr/lib/x86_64-linux-gnu/libX11.so.6.4.0)
==1390075==    by 0x48ABB6C: ??? (in /usr/lib/x86_64-linux-gnu/libX11.so.6.4.0)
==1390075==    by 0x48ABDC5: XGetDefault (in /usr/lib/x86_64-linux-gnu/libX11.so.6.4.0)
==1390075==    by 0x51A2A12: _XcursorGetDisplayInfo (in /usr/lib/x86_64-linux-gnu/libXcursor.so.1.0.2)
==1390075==    by 0x51A2B4C: XcursorSupportsARGB (in /usr/lib/x86_64-linux-gnu/libXcursor.so.1.0.2)
==1390075== 
==1390075== 64 bytes in 1 blocks are still reachable in loss record 36 of 60
==1390075==    at 0x4848899: malloc (in /usr/libexec/valgrind/vgpreload_memcheck-amd64-linux.so)
==1390075==    by 0x48D8B96: _XlcSetConverter (in /usr/lib/x86_64-linux-gnu/libX11.so.6.4.0)
==1390075==    by 0x48E3DC2: _XlcAddUtf8Converters (in /usr/lib/x86_64-linux-gnu/libX11.so.6.4.0)
==1390075==    by 0x48FBC05: _XlcDefaultLoader (in /usr/lib/x86_64-linux-gnu/libX11.so.6.4.0)
==1390075==    by 0x48E4685: _XOpenLC (in /usr/lib/x86_64-linux-gnu/libX11.so.6.4.0)
==1390075==    by 0x48E4A9E: _XrmInitParseInfo (in /usr/lib/x86_64-linux-gnu/libX11.so.6.4.0)
==1390075==    by 0x48CEA84: ??? (in /usr/lib/x86_64-linux-gnu/libX11.so.6.4.0)
==1390075==    by 0x48CEDC2: XrmGetStringDatabase (in /usr/lib/x86_64-linux-gnu/libX11.so.6.4.0)
==1390075==    by 0x48ABB6C: ??? (in /usr/lib/x86_64-linux-gnu/libX11.so.6.4.0)
==1390075==    by 0x48ABDC5: XGetDefault (in /usr/lib/x86_64-linux-gnu/libX11.so.6.4.0)
==1390075==    by 0x51A2A12: _XcursorGetDisplayInfo (in /usr/lib/x86_64-linux-gnu/libXcursor.so.1.0.2)
==1390075==    by 0x51A2B4C: XcursorSupportsARGB (in /usr/lib/x86_64-linux-gnu/libXcursor.so.1.0.2)
==1390075== 
==1390075== 64 bytes in 1 blocks are still reachable in loss record 37 of 60
==1390075==    at 0x4848899: malloc (in /usr/libexec/valgrind/vgpreload_memcheck-amd64-linux.so)
==1390075==    by 0x48D8B96: _XlcSetConverter (in /usr/lib/x86_64-linux-gnu/libX11.so.6.4.0)
==1390075==    by 0x48E3DE1: _XlcAddUtf8Converters (in /usr/lib/x86_64-linux-gnu/libX11.so.6.4.0)
==1390075==    by 0x48FBC05: _XlcDefaultLoader (in /usr/lib/x86_64-linux-gnu/libX11.so.6.4.0)
==1390075==    by 0x48E4685: _XOpenLC (in /usr/lib/x86_64-linux-gnu/libX11.so.6.4.0)
==1390075==    by 0x48E4A9E: _XrmInitParseInfo (in /usr/lib/x86_64-linux-gnu/libX11.so.6.4.0)
==1390075==    by 0x48CEA84: ??? (in /usr/lib/x86_64-linux-gnu/libX11.so.6.4.0)
==1390075==    by 0x48CEDC2: XrmGetStringDatabase (in /usr/lib/x86_64-linux-gnu/libX11.so.6.4.0)
==1390075==    by 0x48ABB6C: ??? (in /usr/lib/x86_64-linux-gnu/libX11.so.6.4.0)
==1390075==    by 0x48ABDC5: XGetDefault (in /usr/lib/x86_64-linux-gnu/libX11.so.6.4.0)
==1390075==    by 0x51A2A12: _XcursorGetDisplayInfo (in /usr/lib/x86_64-linux-gnu/libXcursor.so.1.0.2)
==1390075==    by 0x51A2B4C: XcursorSupportsARGB (in /usr/lib/x86_64-linux-gnu/libXcursor.so.1.0.2)
==1390075== 
==1390075== 64 bytes in 1 blocks are still reachable in loss record 38 of 60
==1390075==    at 0x4848899: malloc (in /usr/libexec/valgrind/vgpreload_memcheck-amd64-linux.so)
==1390075==    by 0x48D8B96: _XlcSetConverter (in /usr/lib/x86_64-linux-gnu/libX11.so.6.4.0)
==1390075==    by 0x48FBC05: _XlcDefaultLoader (in /usr/lib/x86_64-linux-gnu/libX11.so.6.4.0)
==1390075==    by 0x48E4685: _XOpenLC (in /usr/lib/x86_64-linux-gnu/libX11.so.6.4.0)
==1390075==    by 0x48E4A9E: _XrmInitParseInfo (in /usr/lib/x86_64-linux-gnu/libX11.so.6.4.0)
==1390075==    by 0x48CEA84: ??? (in /usr/lib/x86_64-linux-gnu/libX11.so.6.4.0)
==1390075==    by 0x48CEDC2: XrmGetStringDatabase (in /usr/lib/x86_64-linux-gnu/libX11.so.6.4.0)
==1390075==    by 0x48ABB6C: ??? (in /usr/lib/x86_64-linux-gnu/libX11.so.6.4.0)
==1390075==    by 0x48ABDC5: XGetDefault (in /usr/lib/x86_64-linux-gnu/libX11.so.6.4.0)
==1390075==    by 0x51A2A12: _XcursorGetDisplayInfo (in /usr/lib/x86_64-linux-gnu/libXcursor.so.1.0.2)
==1390075==    by 0x51A2B4C: XcursorSupportsARGB (in /usr/lib/x86_64-linux-gnu/libXcursor.so.1.0.2)
==1390075==    by 0x51A5C94: XcursorNoticeCreateBitmap (in /usr/lib/x86_64-linux-gnu/libXcursor.so.1.0.2)
==1390075== 
==1390075== 75 bytes in 2 blocks are still reachable in loss record 39 of 60
==1390075==    at 0x4848899: malloc (in /usr/libexec/valgrind/vgpreload_memcheck-amd64-linux.so)
==1390075==    by 0x40271DF: malloc (rtld-malloc.h:56)
==1390075==    by 0x40271DF: strdup (strdup.c:42)
==1390075==    by 0x4016A66: _dl_load_cache_lookup (dl-cache.c:527)
==1390075==    by 0x400A981: _dl_map_object (dl-load.c:2193)
==1390075==    by 0x4003494: openaux (dl-deps.c:64)
==1390075==    by 0x4C22A97: _dl_catch_exception (dl-error-skeleton.c:208)
==1390075==    by 0x4003C7B: _dl_map_object_deps (dl-deps.c:248)
==1390075==    by 0x400EA0E: dl_open_worker_begin (dl-open.c:592)
==1390075==    by 0x4C22A97: _dl_catch_exception (dl-error-skeleton.c:208)
==1390075==    by 0x400DF99: dl_open_worker (dl-open.c:782)
==1390075==    by 0x4C22A97: _dl_catch_exception (dl-error-skeleton.c:208)
==1390075==    by 0x400E34D: _dl_open (dl-open.c:883)
==1390075== 
==1390075== 75 bytes in 2 blocks are still reachable in loss record 40 of 60
==1390075==    at 0x4848899: malloc (in /usr/libexec/valgrind/vgpreload_memcheck-amd64-linux.so)
==1390075==    by 0x400DD20: malloc (rtld-malloc.h:56)
==1390075==    by 0x400DD20: _dl_new_object (dl-object.c:199)
==1390075==    by 0x4008C82: _dl_map_object_from_fd (dl-load.c:1063)
==1390075==    by 0x400A600: _dl_map_object (dl-load.c:2327)
==1390075==    by 0x4003494: openaux (dl-deps.c:64)
==1390075==    by 0x4C22A97: _dl_catch_exception (dl-error-skeleton.c:208)
==1390075==    by 0x4003C7B: _dl_map_object_deps (dl-deps.c:248)
==1390075==    by 0x400EA0E: dl_open_worker_begin (dl-open.c:592)
==1390075==    by 0x4C22A97: _dl_catch_exception (dl-error-skeleton.c:208)
==1390075==    by 0x400DF99: dl_open_worker (dl-open.c:782)
==1390075==    by 0x4C22A97: _dl_catch_exception (dl-error-skeleton.c:208)
==1390075==    by 0x400E34D: _dl_open (dl-open.c:883)
==1390075== 
==1390075== 142 bytes in 18 blocks are still reachable in loss record 41 of 60
==1390075==    at 0x4848899: malloc (in /usr/libexec/valgrind/vgpreload_memcheck-amd64-linux.so)
==1390075==    by 0x48D0CF6: ??? (in /usr/lib/x86_64-linux-gnu/libX11.so.6.4.0)
==1390075==    by 0x48D2634: ??? (in /usr/lib/x86_64-linux-gnu/libX11.so.6.4.0)
==1390075==    by 0x48D2690: ??? (in /usr/lib/x86_64-linux-gnu/libX11.so.6.4.0)
==1390075==    by 0x48DA8A7: _XlcCreateLocaleDataBase (in /usr/lib/x86_64-linux-gnu/libX11.so.6.4.0)
==1390075==    by 0x48DD4CF: ??? (in /usr/lib/x86_64-linux-gnu/libX11.so.6.4.0)
==1390075==    by 0x48DD2C6: ??? (in /usr/lib/x86_64-linux-gnu/libX11.so.6.4.0)
==1390075==    by 0x48D72DC: _XlcCreateLC (in /usr/lib/x86_64-linux-gnu/libX11.so.6.4.0)
==1390075==    by 0x48FBABB: _XlcDefaultLoader (in /usr/lib/x86_64-linux-gnu/libX11.so.6.4.0)
==1390075==    by 0x48E4685: _XOpenLC (in /usr/lib/x86_64-linux-gnu/libX11.so.6.4.0)
==1390075==    by 0x48E4A9E: _XrmInitParseInfo (in /usr/lib/x86_64-linux-gnu/libX11.so.6.4.0)
==1390075==    by 0x48CEA84: ??? (in /usr/lib/x86_64-linux-gnu/libX11.so.6.4.0)
==1390075== 
==1390075== 160 bytes in 2 blocks are still reachable in loss record 42 of 60
==1390075==    at 0x484DA83: calloc (in /usr/libexec/valgrind/vgpreload_memcheck-amd64-linux.so)
==1390075==    by 0x48D0335: ??? (in /usr/lib/x86_64-linux-gnu/libX11.so.6.4.0)
==1390075==    by 0x48DB909: ??? (in /usr/lib/x86_64-linux-gnu/libX11.so.6.4.0)
==1390075==    by 0x48DD2D2: ??? (in /usr/lib/x86_64-linux-gnu/libX11.so.6.4.0)
==1390075==    by 0x48D72DC: _XlcCreateLC (in /usr/lib/x86_64-linux-gnu/libX11.so.6.4.0)
==1390075==    by 0x48FBABB: _XlcDefaultLoader (in /usr/lib/x86_64-linux-gnu/libX11.so.6.4.0)
==1390075==    by 0x48E4685: _XOpenLC (in /usr/lib/x86_64-linux-gnu/libX11.so.6.4.0)
==1390075==    by 0x48E4A9E: _XrmInitParseInfo (in /usr/lib/x86_64-linux-gnu/libX11.so.6.4.0)
==1390075==    by 0x48CEA84: ??? (in /usr/lib/x86_64-linux-gnu/libX11.so.6.4.0)
==1390075==    by 0x48CEDC2: XrmGetStringDatabase (in /usr/lib/x86_64-linux-gnu/libX11.so.6.4.0)
==1390075==    by 0x48ABB6C: ??? (in /usr/lib/x86_64-linux-gnu/libX11.so.6.4.0)
==1390075==    by 0x48ABDC5: XGetDefault (in /usr/lib/x86_64-linux-gnu/libX11.so.6.4.0)
==1390075== 
==1390075== 168 bytes in 1 blocks are still reachable in loss record 43 of 60
==1390075==    at 0x4848899: malloc (in /usr/libexec/valgrind/vgpreload_memcheck-amd64-linux.so)
==1390075==    by 0x48D018F: ??? (in /usr/lib/x86_64-linux-gnu/libX11.so.6.4.0)
==1390075==    by 0x48D72B9: _XlcCreateLC (in /usr/lib/x86_64-linux-gnu/libX11.so.6.4.0)
==1390075==    by 0x48FBABB: _XlcDefaultLoader (in /usr/lib/x86_64-linux-gnu/libX11.so.6.4.0)
==1390075==    by 0x48E4685: _XOpenLC (in /usr/lib/x86_64-linux-gnu/libX11.so.6.4.0)
==1390075==    by 0x48E4A9E: _XrmInitParseInfo (in /usr/lib/x86_64-linux-gnu/libX11.so.6.4.0)
==1390075==    by 0x48CEA84: ??? (in /usr/lib/x86_64-linux-gnu/libX11.so.6.4.0)
==1390075==    by 0x48CEDC2: XrmGetStringDatabase (in /usr/lib/x86_64-linux-gnu/libX11.so.6.4.0)
==1390075==    by 0x48ABB6C: ??? (in /usr/lib/x86_64-linux-gnu/libX11.so.6.4.0)
==1390075==    by 0x48ABDC5: XGetDefault (in /usr/lib/x86_64-linux-gnu/libX11.so.6.4.0)
==1390075==    by 0x51A2A12: _XcursorGetDisplayInfo (in /usr/lib/x86_64-linux-gnu/libXcursor.so.1.0.2)
==1390075==    by 0x51A2B4C: XcursorSupportsARGB (in /usr/lib/x86_64-linux-gnu/libXcursor.so.1.0.2)
==1390075== 
==1390075== 176 bytes in 1 blocks are still reachable in loss record 44 of 60
==1390075==    at 0x484DA83: calloc (in /usr/libexec/valgrind/vgpreload_memcheck-amd64-linux.so)
==1390075==    by 0x48D0174: ??? (in /usr/lib/x86_64-linux-gnu/libX11.so.6.4.0)
==1390075==    by 0x48D72B9: _XlcCreateLC (in /usr/lib/x86_64-linux-gnu/libX11.so.6.4.0)
==1390075==    by 0x48FBABB: _XlcDefaultLoader (in /usr/lib/x86_64-linux-gnu/libX11.so.6.4.0)
==1390075==    by 0x48E4685: _XOpenLC (in /usr/lib/x86_64-linux-gnu/libX11.so.6.4.0)
==1390075==    by 0x48E4A9E: _XrmInitParseInfo (in /usr/lib/x86_64-linux-gnu/libX11.so.6.4.0)
==1390075==    by 0x48CEA84: ??? (in /usr/lib/x86_64-linux-gnu/libX11.so.6.4.0)
==1390075==    by 0x48CEDC2: XrmGetStringDatabase (in /usr/lib/x86_64-linux-gnu/libX11.so.6.4.0)
==1390075==    by 0x48ABB6C: ??? (in /usr/lib/x86_64-linux-gnu/libX11.so.6.4.0)
==1390075==    by 0x48ABDC5: XGetDefault (in /usr/lib/x86_64-linux-gnu/libX11.so.6.4.0)
==1390075==    by 0x51A2A12: _XcursorGetDisplayInfo (in /usr/lib/x86_64-linux-gnu/libXcursor.so.1.0.2)
==1390075==    by 0x51A2B4C: XcursorSupportsARGB (in /usr/lib/x86_64-linux-gnu/libXcursor.so.1.0.2)
==1390075== 
==1390075== 216 bytes in 18 blocks are still reachable in loss record 45 of 60
==1390075==    at 0x4848899: malloc (in /usr/libexec/valgrind/vgpreload_memcheck-amd64-linux.so)
==1390075==    by 0x4B5658E: strdup (strdup.c:42)
==1390075==    by 0x48D2449: ??? (in /usr/lib/x86_64-linux-gnu/libX11.so.6.4.0)
==1390075==    by 0x48D2690: ??? (in /usr/lib/x86_64-linux-gnu/libX11.so.6.4.0)
==1390075==    by 0x48DA8A7: _XlcCreateLocaleDataBase (in /usr/lib/x86_64-linux-gnu/libX11.so.6.4.0)
==1390075==    by 0x48DD4CF: ??? (in /usr/lib/x86_64-linux-gnu/libX11.so.6.4.0)
==1390075==    by 0x48DD2C6: ??? (in /usr/lib/x86_64-linux-gnu/libX11.so.6.4.0)
==1390075==    by 0x48D72DC: _XlcCreateLC (in /usr/lib/x86_64-linux-gnu/libX11.so.6.4.0)
==1390075==    by 0x48FBABB: _XlcDefaultLoader (in /usr/lib/x86_64-linux-gnu/libX11.so.6.4.0)
==1390075==    by 0x48E4685: _XOpenLC (in /usr/lib/x86_64-linux-gnu/libX11.so.6.4.0)
==1390075==    by 0x48E4A9E: _XrmInitParseInfo (in /usr/lib/x86_64-linux-gnu/libX11.so.6.4.0)
==1390075==    by 0x48CEA84: ??? (in /usr/lib/x86_64-linux-gnu/libX11.so.6.4.0)
==1390075== 
==1390075== 274 bytes in 18 blocks are still reachable in loss record 46 of 60
==1390075==    at 0x4848899: malloc (in /usr/libexec/valgrind/vgpreload_memcheck-amd64-linux.so)
==1390075==    by 0x4B5658E: strdup (strdup.c:42)
==1390075==    by 0x48D25B5: ??? (in /usr/lib/x86_64-linux-gnu/libX11.so.6.4.0)
==1390075==    by 0x48D2690: ??? (in /usr/lib/x86_64-linux-gnu/libX11.so.6.4.0)
==1390075==    by 0x48DA8A7: _XlcCreateLocaleDataBase (in /usr/lib/x86_64-linux-gnu/libX11.so.6.4.0)
==1390075==    by 0x48DD4CF: ??? (in /usr/lib/x86_64-linux-gnu/libX11.so.6.4.0)
==1390075==    by 0x48DD2C6: ??? (in /usr/lib/x86_64-linux-gnu/libX11.so.6.4.0)
==1390075==    by 0x48D72DC: _XlcCreateLC (in /usr/lib/x86_64-linux-gnu/libX11.so.6.4.0)
==1390075==    by 0x48FBABB: _XlcDefaultLoader (in /usr/lib/x86_64-linux-gnu/libX11.so.6.4.0)
==1390075==    by 0x48E4685: _XOpenLC (in /usr/lib/x86_64-linux-gnu/libX11.so.6.4.0)
==1390075==    by 0x48E4A9E: _XrmInitParseInfo (in /usr/lib/x86_64-linux-gnu/libX11.so.6.4.0)
==1390075==    by 0x48CEA84: ??? (in /usr/lib/x86_64-linux-gnu/libX11.so.6.4.0)
==1390075== 
==1390075== 288 bytes in 18 blocks are still reachable in loss record 47 of 60
==1390075==    at 0x4848899: malloc (in /usr/libexec/valgrind/vgpreload_memcheck-amd64-linux.so)
==1390075==    by 0x48D0CD5: ??? (in /usr/lib/x86_64-linux-gnu/libX11.so.6.4.0)
==1390075==    by 0x48D2634: ??? (in /usr/lib/x86_64-linux-gnu/libX11.so.6.4.0)
==1390075==    by 0x48D2690: ??? (in /usr/lib/x86_64-linux-gnu/libX11.so.6.4.0)
==1390075==    by 0x48DA8A7: _XlcCreateLocaleDataBase (in /usr/lib/x86_64-linux-gnu/libX11.so.6.4.0)
==1390075==    by 0x48DD4CF: ??? (in /usr/lib/x86_64-linux-gnu/libX11.so.6.4.0)
==1390075==    by 0x48DD2C6: ??? (in /usr/lib/x86_64-linux-gnu/libX11.so.6.4.0)
==1390075==    by 0x48D72DC: _XlcCreateLC (in /usr/lib/x86_64-linux-gnu/libX11.so.6.4.0)
==1390075==    by 0x48FBABB: _XlcDefaultLoader (in /usr/lib/x86_64-linux-gnu/libX11.so.6.4.0)
==1390075==    by 0x48E4685: _XOpenLC (in /usr/lib/x86_64-linux-gnu/libX11.so.6.4.0)
==1390075==    by 0x48E4A9E: _XrmInitParseInfo (in /usr/lib/x86_64-linux-gnu/libX11.so.6.4.0)
==1390075==    by 0x48CEA84: ??? (in /usr/lib/x86_64-linux-gnu/libX11.so.6.4.0)
==1390075== 
==1390075== 384 bytes in 3 blocks are still reachable in loss record 48 of 60
==1390075==    at 0x484DA83: calloc (in /usr/libexec/valgrind/vgpreload_memcheck-amd64-linux.so)
==1390075==    by 0x40162DC: calloc (rtld-malloc.h:44)
==1390075==    by 0x40162DC: _dl_check_map_versions (dl-version.c:273)
==1390075==    by 0x400ED13: dl_open_worker_begin (dl-open.c:600)
==1390075==    by 0x4C22A97: _dl_catch_exception (dl-error-skeleton.c:208)
==1390075==    by 0x400DF99: dl_open_worker (dl-open.c:782)
==1390075==    by 0x4C22A97: _dl_catch_exception (dl-error-skeleton.c:208)
==1390075==    by 0x400E34D: _dl_open (dl-open.c:883)
==1390075==    by 0x4B3E63B: dlopen_doit (dlopen.c:56)
==1390075==    by 0x4C22A97: _dl_catch_exception (dl-error-skeleton.c:208)
==1390075==    by 0x4C22B62: _dl_catch_error (dl-error-skeleton.c:227)
==1390075==    by 0x4B3E12D: _dlerror_run (dlerror.c:138)
==1390075==    by 0x4B3E6C7: dlopen_implementation (dlopen.c:71)
==1390075==    by 0x4B3E6C7: dlopen@@GLIBC_2.34 (dlopen.c:81)
==1390075== 
==1390075== 456 bytes in 1 blocks are still reachable in loss record 49 of 60
==1390075==    at 0x484DA83: calloc (in /usr/libexec/valgrind/vgpreload_memcheck-amd64-linux.so)
==1390075==    by 0x48DA947: _XlcCreateLocaleDataBase (in /usr/lib/x86_64-linux-gnu/libX11.so.6.4.0)
==1390075==    by 0x48DD4CF: ??? (in /usr/lib/x86_64-linux-gnu/libX11.so.6.4.0)
==1390075==    by 0x48DD2C6: ??? (in /usr/lib/x86_64-linux-gnu/libX11.so.6.4.0)
==1390075==    by 0x48D72DC: _XlcCreateLC (in /usr/lib/x86_64-linux-gnu/libX11.so.6.4.0)
==1390075==    by 0x48FBABB: _XlcDefaultLoader (in /usr/lib/x86_64-linux-gnu/libX11.so.6.4.0)
==1390075==    by 0x48E4685: _XOpenLC (in /usr/lib/x86_64-linux-gnu/libX11.so.6.4.0)
==1390075==    by 0x48E4A9E: _XrmInitParseInfo (in /usr/lib/x86_64-linux-gnu/libX11.so.6.4.0)
==1390075==    by 0x48CEA84: ??? (in /usr/lib/x86_64-linux-gnu/libX11.so.6.4.0)
==1390075==    by 0x48CEDC2: XrmGetStringDatabase (in /usr/lib/x86_64-linux-gnu/libX11.so.6.4.0)
==1390075==    by 0x48ABB6C: ??? (in /usr/lib/x86_64-linux-gnu/libX11.so.6.4.0)
==1390075==    by 0x48ABDC5: XGetDefault (in /usr/lib/x86_64-linux-gnu/libX11.so.6.4.0)
==1390075== 
==1390075== 633 bytes in 49 blocks are still reachable in loss record 50 of 60
==1390075==    at 0x4848899: malloc (in /usr/libexec/valgrind/vgpreload_memcheck-amd64-linux.so)
==1390075==    by 0x48D8751: _XlcCreateDefaultCharSet (in /usr/lib/x86_64-linux-gnu/libX11.so.6.4.0)
==1390075==    by 0x48D8ABA: _XlcAddCT (in /usr/lib/x86_64-linux-gnu/libX11.so.6.4.0)
==1390075==    by 0x48D8C6F: _XlcInitCTInfo (in /usr/lib/x86_64-linux-gnu/libX11.so.6.4.0)
==1390075==    by 0x48DD386: ??? (in /usr/lib/x86_64-linux-gnu/libX11.so.6.4.0)
==1390075==    by 0x48DD2C6: ??? (in /usr/lib/x86_64-linux-gnu/libX11.so.6.4.0)
==1390075==    by 0x48D72DC: _XlcCreateLC (in /usr/lib/x86_64-linux-gnu/libX11.so.6.4.0)
==1390075==    by 0x48FC8C9: _XlcUtf8Loader (in /usr/lib/x86_64-linux-gnu/libX11.so.6.4.0)
==1390075==    by 0x48E4685: _XOpenLC (in /usr/lib/x86_64-linux-gnu/libX11.so.6.4.0)
==1390075==    by 0x48E4A9E: _XrmInitParseInfo (in /usr/lib/x86_64-linux-gnu/libX11.so.6.4.0)
==1390075==    by 0x48CEA84: ??? (in /usr/lib/x86_64-linux-gnu/libX11.so.6.4.0)
==1390075==    by 0x48CEDC2: XrmGetStringDatabase (in /usr/lib/x86_64-linux-gnu/libX11.so.6.4.0)
==1390075== 
==1390075== 720 bytes in 18 blocks are still reachable in loss record 51 of 60
==1390075==    at 0x484DA83: calloc (in /usr/libexec/valgrind/vgpreload_memcheck-amd64-linux.so)
==1390075==    by 0x48D2431: ??? (in /usr/lib/x86_64-linux-gnu/libX11.so.6.4.0)
==1390075==    by 0x48D2690: ??? (in /usr/lib/x86_64-linux-gnu/libX11.so.6.4.0)
==1390075==    by 0x48DA8A7: _XlcCreateLocaleDataBase (in /usr/lib/x86_64-linux-gnu/libX11.so.6.4.0)
==1390075==    by 0x48DD4CF: ??? (in /usr/lib/x86_64-linux-gnu/libX11.so.6.4.0)
==1390075==    by 0x48DD2C6: ??? (in /usr/lib/x86_64-linux-gnu/libX11.so.6.4.0)
==1390075==    by 0x48D72DC: _XlcCreateLC (in /usr/lib/x86_64-linux-gnu/libX11.so.6.4.0)
==1390075==    by 0x48FBABB: _XlcDefaultLoader (in /usr/lib/x86_64-linux-gnu/libX11.so.6.4.0)
==1390075==    by 0x48E4685: _XOpenLC (in /usr/lib/x86_64-linux-gnu/libX11.so.6.4.0)
==1390075==    by 0x48E4A9E: _XrmInitParseInfo (in /usr/lib/x86_64-linux-gnu/libX11.so.6.4.0)
==1390075==    by 0x48CEA84: ??? (in /usr/lib/x86_64-linux-gnu/libX11.so.6.4.0)
==1390075==    by 0x48CEDC2: XrmGetStringDatabase (in /usr/lib/x86_64-linux-gnu/libX11.so.6.4.0)
==1390075== 
==1390075== 800 bytes in 50 blocks are still reachable in loss record 52 of 60
==1390075==    at 0x4848899: malloc (in /usr/libexec/valgrind/vgpreload_memcheck-amd64-linux.so)
==1390075==    by 0x48D8619: _XlcAddCharSet (in /usr/lib/x86_64-linux-gnu/libX11.so.6.4.0)
==1390075==    by 0x48D8ACE: _XlcAddCT (in /usr/lib/x86_64-linux-gnu/libX11.so.6.4.0)
==1390075==    by 0x48D8C6F: _XlcInitCTInfo (in /usr/lib/x86_64-linux-gnu/libX11.so.6.4.0)
==1390075==    by 0x48DD386: ??? (in /usr/lib/x86_64-linux-gnu/libX11.so.6.4.0)
==1390075==    by 0x48DD2C6: ??? (in /usr/lib/x86_64-linux-gnu/libX11.so.6.4.0)
==1390075==    by 0x48D72DC: _XlcCreateLC (in /usr/lib/x86_64-linux-gnu/libX11.so.6.4.0)
==1390075==    by 0x48FC8C9: _XlcUtf8Loader (in /usr/lib/x86_64-linux-gnu/libX11.so.6.4.0)
==1390075==    by 0x48E4685: _XOpenLC (in /usr/lib/x86_64-linux-gnu/libX11.so.6.4.0)
==1390075==    by 0x48E4A9E: _XrmInitParseInfo (in /usr/lib/x86_64-linux-gnu/libX11.so.6.4.0)
==1390075==    by 0x48CEA84: ??? (in /usr/lib/x86_64-linux-gnu/libX11.so.6.4.0)
==1390075==    by 0x48CEDC2: XrmGetStringDatabase (in /usr/lib/x86_64-linux-gnu/libX11.so.6.4.0)
==1390075== 
==1390075== 1,028 bytes in 50 blocks are still reachable in loss record 53 of 60
==1390075==    at 0x4848899: malloc (in /usr/libexec/valgrind/vgpreload_memcheck-amd64-linux.so)
==1390075==    by 0x48D86E4: _XlcCreateDefaultCharSet (in /usr/lib/x86_64-linux-gnu/libX11.so.6.4.0)
==1390075==    by 0x48D8ABA: _XlcAddCT (in /usr/lib/x86_64-linux-gnu/libX11.so.6.4.0)
==1390075==    by 0x48D8C6F: _XlcInitCTInfo (in /usr/lib/x86_64-linux-gnu/libX11.so.6.4.0)
==1390075==    by 0x48DD386: ??? (in /usr/lib/x86_64-linux-gnu/libX11.so.6.4.0)
==1390075==    by 0x48DD2C6: ??? (in /usr/lib/x86_64-linux-gnu/libX11.so.6.4.0)
==1390075==    by 0x48D72DC: _XlcCreateLC (in /usr/lib/x86_64-linux-gnu/libX11.so.6.4.0)
==1390075==    by 0x48FC8C9: _XlcUtf8Loader (in /usr/lib/x86_64-linux-gnu/libX11.so.6.4.0)
==1390075==    by 0x48E4685: _XOpenLC (in /usr/lib/x86_64-linux-gnu/libX11.so.6.4.0)
==1390075==    by 0x48E4A9E: _XrmInitParseInfo (in /usr/lib/x86_64-linux-gnu/libX11.so.6.4.0)
==1390075==    by 0x48CEA84: ??? (in /usr/lib/x86_64-linux-gnu/libX11.so.6.4.0)
==1390075==    by 0x48CEDC2: XrmGetStringDatabase (in /usr/lib/x86_64-linux-gnu/libX11.so.6.4.0)
==1390075== 
==1390075== 1,208 bytes in 1 blocks are still reachable in loss record 54 of 60
==1390075==    at 0x484DA83: calloc (in /usr/libexec/valgrind/vgpreload_memcheck-amd64-linux.so)
==1390075==    by 0x400DA02: calloc (rtld-malloc.h:44)
==1390075==    by 0x400DA02: _dl_new_object (dl-object.c:92)
==1390075==    by 0x4008C82: _dl_map_object_from_fd (dl-load.c:1063)
==1390075==    by 0x400A600: _dl_map_object (dl-load.c:2327)
==1390075==    by 0x400E9A8: dl_open_worker_begin (dl-open.c:534)
==1390075==    by 0x4C22A97: _dl_catch_exception (dl-error-skeleton.c:208)
==1390075==    by 0x400DF99: dl_open_worker (dl-open.c:782)
==1390075==    by 0x4C22A97: _dl_catch_exception (dl-error-skeleton.c:208)
==1390075==    by 0x400E34D: _dl_open (dl-open.c:883)
==1390075==    by 0x4B3E63B: dlopen_doit (dlopen.c:56)
==1390075==    by 0x4C22A97: _dl_catch_exception (dl-error-skeleton.c:208)
==1390075==    by 0x4C22B62: _dl_catch_error (dl-error-skeleton.c:227)
==1390075== 
==1390075== 2,048 bytes in 1 blocks are still reachable in loss record 55 of 60
==1390075==    at 0x4848899: malloc (in /usr/libexec/valgrind/vgpreload_memcheck-amd64-linux.so)
==1390075==    by 0x48DAAA2: _XlcCreateLocaleDataBase (in /usr/lib/x86_64-linux-gnu/libX11.so.6.4.0)
==1390075==    by 0x48DD4CF: ??? (in /usr/lib/x86_64-linux-gnu/libX11.so.6.4.0)
==1390075==    by 0x48DD2C6: ??? (in /usr/lib/x86_64-linux-gnu/libX11.so.6.4.0)
==1390075==    by 0x48D72DC: _XlcCreateLC (in /usr/lib/x86_64-linux-gnu/libX11.so.6.4.0)
==1390075==    by 0x48FC8C9: _XlcUtf8Loader (in /usr/lib/x86_64-linux-gnu/libX11.so.6.4.0)
==1390075==    by 0x48E4685: _XOpenLC (in /usr/lib/x86_64-linux-gnu/libX11.so.6.4.0)
==1390075==    by 0x48E4A9E: _XrmInitParseInfo (in /usr/lib/x86_64-linux-gnu/libX11.so.6.4.0)
==1390075==    by 0x48CEA84: ??? (in /usr/lib/x86_64-linux-gnu/libX11.so.6.4.0)
==1390075==    by 0x48CEDC2: XrmGetStringDatabase (in /usr/lib/x86_64-linux-gnu/libX11.so.6.4.0)
==1390075==    by 0x48ABB6C: ??? (in /usr/lib/x86_64-linux-gnu/libX11.so.6.4.0)
==1390075==    by 0x48ABDC5: XGetDefault (in /usr/lib/x86_64-linux-gnu/libX11.so.6.4.0)
==1390075== 
==1390075== 2,415 bytes in 2 blocks are still reachable in loss record 56 of 60
==1390075==    at 0x484DA83: calloc (in /usr/libexec/valgrind/vgpreload_memcheck-amd64-linux.so)
==1390075==    by 0x400DA02: calloc (rtld-malloc.h:44)
==1390075==    by 0x400DA02: _dl_new_object (dl-object.c:92)
==1390075==    by 0x4008C82: _dl_map_object_from_fd (dl-load.c:1063)
==1390075==    by 0x400A600: _dl_map_object (dl-load.c:2327)
==1390075==    by 0x4003494: openaux (dl-deps.c:64)
==1390075==    by 0x4C22A97: _dl_catch_exception (dl-error-skeleton.c:208)
==1390075==    by 0x4003C7B: _dl_map_object_deps (dl-deps.c:248)
==1390075==    by 0x400EA0E: dl_open_worker_begin (dl-open.c:592)
==1390075==    by 0x4C22A97: _dl_catch_exception (dl-error-skeleton.c:208)
==1390075==    by 0x400DF99: dl_open_worker (dl-open.c:782)
==1390075==    by 0x4C22A97: _dl_catch_exception (dl-error-skeleton.c:208)
==1390075==    by 0x400E34D: _dl_open (dl-open.c:883)
==1390075== 
==1390075== 2,631 bytes in 50 blocks are still reachable in loss record 57 of 60
==1390075==    at 0x4848899: malloc (in /usr/libexec/valgrind/vgpreload_memcheck-amd64-linux.so)
==1390075==    by 0x48D884F: _XlcAddCT (in /usr/lib/x86_64-linux-gnu/libX11.so.6.4.0)
==1390075==    by 0x48D8C6F: _XlcInitCTInfo (in /usr/lib/x86_64-linux-gnu/libX11.so.6.4.0)
==1390075==    by 0x48DD386: ??? (in /usr/lib/x86_64-linux-gnu/libX11.so.6.4.0)
==1390075==    by 0x48DD2C6: ??? (in /usr/lib/x86_64-linux-gnu/libX11.so.6.4.0)
==1390075==    by 0x48D72DC: _XlcCreateLC (in /usr/lib/x86_64-linux-gnu/libX11.so.6.4.0)
==1390075==    by 0x48FC8C9: _XlcUtf8Loader (in /usr/lib/x86_64-linux-gnu/libX11.so.6.4.0)
==1390075==    by 0x48E4685: _XOpenLC (in /usr/lib/x86_64-linux-gnu/libX11.so.6.4.0)
==1390075==    by 0x48E4A9E: _XrmInitParseInfo (in /usr/lib/x86_64-linux-gnu/libX11.so.6.4.0)
==1390075==    by 0x48CEA84: ??? (in /usr/lib/x86_64-linux-gnu/libX11.so.6.4.0)
==1390075==    by 0x48CEDC2: XrmGetStringDatabase (in /usr/lib/x86_64-linux-gnu/libX11.so.6.4.0)
==1390075==    by 0x48ABB6C: ??? (in /usr/lib/x86_64-linux-gnu/libX11.so.6.4.0)
==1390075== 
==1390075== 3,600 bytes in 50 blocks are still reachable in loss record 58 of 60
==1390075==    at 0x484DA83: calloc (in /usr/libexec/valgrind/vgpreload_memcheck-amd64-linux.so)
==1390075==    by 0x48D86B6: _XlcCreateDefaultCharSet (in /usr/lib/x86_64-linux-gnu/libX11.so.6.4.0)
==1390075==    by 0x48D8ABA: _XlcAddCT (in /usr/lib/x86_64-linux-gnu/libX11.so.6.4.0)
==1390075==    by 0x48D8C6F: _XlcInitCTInfo (in /usr/lib/x86_64-linux-gnu/libX11.so.6.4.0)
==1390075==    by 0x48DD386: ??? (in /usr/lib/x86_64-linux-gnu/libX11.so.6.4.0)
==1390075==    by 0x48DD2C6: ??? (in /usr/lib/x86_64-linux-gnu/libX11.so.6.4.0)
==1390075==    by 0x48D72DC: _XlcCreateLC (in /usr/lib/x86_64-linux-gnu/libX11.so.6.4.0)
==1390075==    by 0x48FC8C9: _XlcUtf8Loader (in /usr/lib/x86_64-linux-gnu/libX11.so.6.4.0)
==1390075==    by 0x48E4685: _XOpenLC (in /usr/lib/x86_64-linux-gnu/libX11.so.6.4.0)
==1390075==    by 0x48E4A9E: _XrmInitParseInfo (in /usr/lib/x86_64-linux-gnu/libX11.so.6.4.0)
==1390075==    by 0x48CEA84: ??? (in /usr/lib/x86_64-linux-gnu/libX11.so.6.4.0)
==1390075==    by 0x48CEDC2: XrmGetStringDatabase (in /usr/lib/x86_64-linux-gnu/libX11.so.6.4.0)
==1390075== 
==1390075== 4,096 bytes in 1 blocks are still reachable in loss record 59 of 60
==1390075==    at 0x484DA83: calloc (in /usr/libexec/valgrind/vgpreload_memcheck-amd64-linux.so)
==1390075==    by 0x48B9F8A: _XrmInternalStringToQuark (in /usr/lib/x86_64-linux-gnu/libX11.so.6.4.0)
==1390075==    by 0x48CDCB3: XrmInitialize (in /usr/lib/x86_64-linux-gnu/libX11.so.6.4.0)
==1390075==    by 0x48ABB5B: ??? (in /usr/lib/x86_64-linux-gnu/libX11.so.6.4.0)
==1390075==    by 0x48ABDC5: XGetDefault (in /usr/lib/x86_64-linux-gnu/libX11.so.6.4.0)
==1390075==    by 0x51A2A12: _XcursorGetDisplayInfo (in /usr/lib/x86_64-linux-gnu/libXcursor.so.1.0.2)
==1390075==    by 0x51A2B4C: XcursorSupportsARGB (in /usr/lib/x86_64-linux-gnu/libXcursor.so.1.0.2)
==1390075==    by 0x51A5C94: XcursorNoticeCreateBitmap (in /usr/lib/x86_64-linux-gnu/libXcursor.so.1.0.2)
==1390075==    by 0x48A4380: XCreatePixmap (in /usr/lib/x86_64-linux-gnu/libX11.so.6.4.0)
==1390075==    by 0x48A8A02: XCreateBitmapFromData (in /usr/lib/x86_64-linux-gnu/libX11.so.6.4.0)
==1390075==    by 0x1192C0: mlx_mouse_hide (in /media/cauffret/Personal/42_work/cub3d/cub3D)
==1390075==    by 0x10FB9E: main (main.c:51)
==1390075== 
==1390075== 8,176 bytes in 1 blocks are still reachable in loss record 60 of 60
==1390075==    at 0x4848899: malloc (in /usr/libexec/valgrind/vgpreload_memcheck-amd64-linux.so)
==1390075==    by 0x48B8D95: ??? (in /usr/lib/x86_64-linux-gnu/libX11.so.6.4.0)
==1390075==    by 0x48BA105: _XrmInternalStringToQuark (in /usr/lib/x86_64-linux-gnu/libX11.so.6.4.0)
==1390075==    by 0x48CDCB3: XrmInitialize (in /usr/lib/x86_64-linux-gnu/libX11.so.6.4.0)
==1390075==    by 0x48ABB5B: ??? (in /usr/lib/x86_64-linux-gnu/libX11.so.6.4.0)
==1390075==    by 0x48ABDC5: XGetDefault (in /usr/lib/x86_64-linux-gnu/libX11.so.6.4.0)
==1390075==    by 0x51A2A12: _XcursorGetDisplayInfo (in /usr/lib/x86_64-linux-gnu/libXcursor.so.1.0.2)
==1390075==    by 0x51A2B4C: XcursorSupportsARGB (in /usr/lib/x86_64-linux-gnu/libXcursor.so.1.0.2)
==1390075==    by 0x51A5C94: XcursorNoticeCreateBitmap (in /usr/lib/x86_64-linux-gnu/libXcursor.so.1.0.2)
==1390075==    by 0x48A4380: XCreatePixmap (in /usr/lib/x86_64-linux-gnu/libX11.so.6.4.0)
==1390075==    by 0x48A8A02: XCreateBitmapFromData (in /usr/lib/x86_64-linux-gnu/libX11.so.6.4.0)
==1390075==    by 0x1192C0: mlx_mouse_hide (in /media/cauffret/Personal/42_work/cub3d/cub3D)
==1390075== 
==1390075== LEAK SUMMARY:
==1390075==    definitely lost: 0 bytes in 0 blocks
==1390075==    indirectly lost: 0 bytes in 0 blocks
==1390075==      possibly lost: 0 bytes in 0 blocks
==1390075==    still reachable: 31,567 bytes in 400 blocks
==1390075==         suppressed: 0 bytes in 0 blocks
==1390075== 
==1390075== Use --track-origins=yes to see where uninitialised values come from
==1390075== ERROR SUMMARY: 1 errors from 1 contexts (suppressed: 2 from 1)
==1390075== 
==1390075== 1 errors in context 1 of 1:
==1390075== Conditional jump or move depends on uninitialised value(s)
==1390075==    at 0x111F56: free_game_complete (memory.c:60)
==1390075==    by 0x10FD6D: close_window_x (window_management.c:40)
==1390075==    by 0x114BF1: on_key_press (key_hook_moves.c:72)
==1390075==    by 0x117875: mlx_loop (in /media/cauffret/Personal/42_work/cub3d/cub3D)
==1390075==    by 0x10FC4B: main (main.c:56)
==1390075== 
--1390075-- 
--1390075-- used_suppression:      2 X on SUSE11 writev uninit padding /usr/libexec/valgrind/default.supp:377
==1390075== 
==1390075== ERROR SUMMARY: 1 errors from 1 contexts (suppressed: 2 from 1)
