==1423859== Memcheck, a memory error detector
==1423859== Copyright (C) 2002-2017, and GNU GPL'd, by Julian Seward et al.
==1423859== Using Valgrind-3.18.1 and LibVEX; rerun with -h for copyright info
==1423859== Command: ./cub3D ./maps/scary.cub
==1423859== Parent PID: 1423856
==1423859== 
==1423859== 
==1423859== HEAP SUMMARY:
==1423859==     in use at exit: 31,567 bytes in 400 blocks
==1423859==   total heap usage: 2,397 allocs, 1,997 frees, 273,313 bytes allocated
==1423859== 
==1423859== 38 bytes in 1 blocks are still reachable in loss record 12 of 60
==1423859==    at 0x4848899: malloc (in /usr/libexec/valgrind/vgpreload_memcheck-amd64-linux.so)
==1423859==    by 0x40271DF: malloc (rtld-malloc.h:56)
==1423859==    by 0x40271DF: strdup (strdup.c:42)
==1423859==    by 0x4016A66: _dl_load_cache_lookup (dl-cache.c:527)
==1423859==    by 0x400A981: _dl_map_object (dl-load.c:2193)
==1423859==    by 0x400E9A8: dl_open_worker_begin (dl-open.c:534)
==1423859==    by 0x4C22A97: _dl_catch_exception (dl-error-skeleton.c:208)
==1423859==    by 0x400DF99: dl_open_worker (dl-open.c:782)
==1423859==    by 0x4C22A97: _dl_catch_exception (dl-error-skeleton.c:208)
==1423859==    by 0x400E34D: _dl_open (dl-open.c:883)
==1423859==    by 0x4B3E63B: dlopen_doit (dlopen.c:56)
==1423859==    by 0x4C22A97: _dl_catch_exception (dl-error-skeleton.c:208)
==1423859==    by 0x4C22B62: _dl_catch_error (dl-error-skeleton.c:227)
==1423859== 
==1423859== 38 bytes in 1 blocks are still reachable in loss record 13 of 60
==1423859==    at 0x4848899: malloc (in /usr/libexec/valgrind/vgpreload_memcheck-amd64-linux.so)
==1423859==    by 0x400DD20: malloc (rtld-malloc.h:56)
==1423859==    by 0x400DD20: _dl_new_object (dl-object.c:199)
==1423859==    by 0x4008C82: _dl_map_object_from_fd (dl-load.c:1063)
==1423859==    by 0x400A600: _dl_map_object (dl-load.c:2327)
==1423859==    by 0x400E9A8: dl_open_worker_begin (dl-open.c:534)
==1423859==    by 0x4C22A97: _dl_catch_exception (dl-error-skeleton.c:208)
==1423859==    by 0x400DF99: dl_open_worker (dl-open.c:782)
==1423859==    by 0x4C22A97: _dl_catch_exception (dl-error-skeleton.c:208)
==1423859==    by 0x400E34D: _dl_open (dl-open.c:883)
==1423859==    by 0x4B3E63B: dlopen_doit (dlopen.c:56)
==1423859==    by 0x4C22A97: _dl_catch_exception (dl-error-skeleton.c:208)
==1423859==    by 0x4C22B62: _dl_catch_error (dl-error-skeleton.c:227)
==1423859== 
==1423859== 75 bytes in 2 blocks are still reachable in loss record 39 of 60
==1423859==    at 0x4848899: malloc (in /usr/libexec/valgrind/vgpreload_memcheck-amd64-linux.so)
==1423859==    by 0x40271DF: malloc (rtld-malloc.h:56)
==1423859==    by 0x40271DF: strdup (strdup.c:42)
==1423859==    by 0x4016A66: _dl_load_cache_lookup (dl-cache.c:527)
==1423859==    by 0x400A981: _dl_map_object (dl-load.c:2193)
==1423859==    by 0x4003494: openaux (dl-deps.c:64)
==1423859==    by 0x4C22A97: _dl_catch_exception (dl-error-skeleton.c:208)
==1423859==    by 0x4003C7B: _dl_map_object_deps (dl-deps.c:248)
==1423859==    by 0x400EA0E: dl_open_worker_begin (dl-open.c:592)
==1423859==    by 0x4C22A97: _dl_catch_exception (dl-error-skeleton.c:208)
==1423859==    by 0x400DF99: dl_open_worker (dl-open.c:782)
==1423859==    by 0x4C22A97: _dl_catch_exception (dl-error-skeleton.c:208)
==1423859==    by 0x400E34D: _dl_open (dl-open.c:883)
==1423859== 
==1423859== 75 bytes in 2 blocks are still reachable in loss record 40 of 60
==1423859==    at 0x4848899: malloc (in /usr/libexec/valgrind/vgpreload_memcheck-amd64-linux.so)
==1423859==    by 0x400DD20: malloc (rtld-malloc.h:56)
==1423859==    by 0x400DD20: _dl_new_object (dl-object.c:199)
==1423859==    by 0x4008C82: _dl_map_object_from_fd (dl-load.c:1063)
==1423859==    by 0x400A600: _dl_map_object (dl-load.c:2327)
==1423859==    by 0x4003494: openaux (dl-deps.c:64)
==1423859==    by 0x4C22A97: _dl_catch_exception (dl-error-skeleton.c:208)
==1423859==    by 0x4003C7B: _dl_map_object_deps (dl-deps.c:248)
==1423859==    by 0x400EA0E: dl_open_worker_begin (dl-open.c:592)
==1423859==    by 0x4C22A97: _dl_catch_exception (dl-error-skeleton.c:208)
==1423859==    by 0x400DF99: dl_open_worker (dl-open.c:782)
==1423859==    by 0x4C22A97: _dl_catch_exception (dl-error-skeleton.c:208)
==1423859==    by 0x400E34D: _dl_open (dl-open.c:883)
==1423859== 
==1423859== 384 bytes in 3 blocks are still reachable in loss record 48 of 60
==1423859==    at 0x484DA83: calloc (in /usr/libexec/valgrind/vgpreload_memcheck-amd64-linux.so)
==1423859==    by 0x40162DC: calloc (rtld-malloc.h:44)
==1423859==    by 0x40162DC: _dl_check_map_versions (dl-version.c:273)
==1423859==    by 0x400ED13: dl_open_worker_begin (dl-open.c:600)
==1423859==    by 0x4C22A97: _dl_catch_exception (dl-error-skeleton.c:208)
==1423859==    by 0x400DF99: dl_open_worker (dl-open.c:782)
==1423859==    by 0x4C22A97: _dl_catch_exception (dl-error-skeleton.c:208)
==1423859==    by 0x400E34D: _dl_open (dl-open.c:883)
==1423859==    by 0x4B3E63B: dlopen_doit (dlopen.c:56)
==1423859==    by 0x4C22A97: _dl_catch_exception (dl-error-skeleton.c:208)
==1423859==    by 0x4C22B62: _dl_catch_error (dl-error-skeleton.c:227)
==1423859==    by 0x4B3E12D: _dlerror_run (dlerror.c:138)
==1423859==    by 0x4B3E6C7: dlopen_implementation (dlopen.c:71)
==1423859==    by 0x4B3E6C7: dlopen@@GLIBC_2.34 (dlopen.c:81)
==1423859== 
==1423859== 1,208 bytes in 1 blocks are still reachable in loss record 54 of 60
==1423859==    at 0x484DA83: calloc (in /usr/libexec/valgrind/vgpreload_memcheck-amd64-linux.so)
==1423859==    by 0x400DA02: calloc (rtld-malloc.h:44)
==1423859==    by 0x400DA02: _dl_new_object (dl-object.c:92)
==1423859==    by 0x4008C82: _dl_map_object_from_fd (dl-load.c:1063)
==1423859==    by 0x400A600: _dl_map_object (dl-load.c:2327)
==1423859==    by 0x400E9A8: dl_open_worker_begin (dl-open.c:534)
==1423859==    by 0x4C22A97: _dl_catch_exception (dl-error-skeleton.c:208)
==1423859==    by 0x400DF99: dl_open_worker (dl-open.c:782)
==1423859==    by 0x4C22A97: _dl_catch_exception (dl-error-skeleton.c:208)
==1423859==    by 0x400E34D: _dl_open (dl-open.c:883)
==1423859==    by 0x4B3E63B: dlopen_doit (dlopen.c:56)
==1423859==    by 0x4C22A97: _dl_catch_exception (dl-error-skeleton.c:208)
==1423859==    by 0x4C22B62: _dl_catch_error (dl-error-skeleton.c:227)
==1423859== 
==1423859== 2,415 bytes in 2 blocks are still reachable in loss record 56 of 60
==1423859==    at 0x484DA83: calloc (in /usr/libexec/valgrind/vgpreload_memcheck-amd64-linux.so)
==1423859==    by 0x400DA02: calloc (rtld-malloc.h:44)
==1423859==    by 0x400DA02: _dl_new_object (dl-object.c:92)
==1423859==    by 0x4008C82: _dl_map_object_from_fd (dl-load.c:1063)
==1423859==    by 0x400A600: _dl_map_object (dl-load.c:2327)
==1423859==    by 0x4003494: openaux (dl-deps.c:64)
==1423859==    by 0x4C22A97: _dl_catch_exception (dl-error-skeleton.c:208)
==1423859==    by 0x4003C7B: _dl_map_object_deps (dl-deps.c:248)
==1423859==    by 0x400EA0E: dl_open_worker_begin (dl-open.c:592)
==1423859==    by 0x4C22A97: _dl_catch_exception (dl-error-skeleton.c:208)
==1423859==    by 0x400DF99: dl_open_worker (dl-open.c:782)
==1423859==    by 0x4C22A97: _dl_catch_exception (dl-error-skeleton.c:208)
==1423859==    by 0x400E34D: _dl_open (dl-open.c:883)
==1423859== 
==1423859== LEAK SUMMARY:
==1423859==    definitely lost: 0 bytes in 0 blocks
==1423859==    indirectly lost: 0 bytes in 0 blocks
==1423859==      possibly lost: 0 bytes in 0 blocks
==1423859==    still reachable: 4,233 bytes in 12 blocks
==1423859==         suppressed: 27,334 bytes in 388 blocks
==1423859== 
==1423859== For lists of detected and suppressed errors, rerun with: -s
==1423859== ERROR SUMMARY: 0 errors from 0 contexts (suppressed: 2 from 1)
